#
# A fatal error has been detected by the Java Runtime Environment:
#
#  SIGSEGV (0xb) at pc=0x0000756776059058, pid=31917, tid=32081
#
# JRE version: Java(TM) SE Runtime Environment (23.0.1+11) (build 23.0.1+11-39)
# Java VM: Java HotSpot(TM) 64-Bit Server VM (23.0.1+11-39, mixed mode, emulated-client, sharing, tiered, compressed oops, compressed class ptrs, g1 gc, linux-amd64)
# Problematic frame:
# C  0x0000756712855770
#
# Core dump will be written. Default location: Core dumps may be processed with "/usr/share/apport/apport -p%p -s%s -c%c -d%d -P%P -u%u -g%g -- %E" (or dumping to /home/dev/personal/face_recognition_resource_server/core.31917)
#
# If you would like to submit a bug report, please visit:
#   https://bugreport.java.com/bugreport/crash.jsp
#

---------------  S U M M A R Y ------------

Command Line: -XX:TieredStopAtLevel=1 -Dspring.output.ansi.enabled=always -Dcom.sun.management.jmxremote -Dspring.jmx.enabled=true -Dspring.liveBeansView.mbeanDomain -Dspring.application.admin.enabled=true -Dmanagement.endpoints.jmx.exposure.include=* -javaagent:/opt/idea-IU-243.22562.218/lib/idea_rt.jar=40849:/opt/idea-IU-243.22562.218/bin -Dfile.encoding=UTF-8 -Dsun.stdout.encoding=UTF-8 -Dsun.stderr.encoding=UTF-8 com.main.face_recognition_resource_server.FaceRecognitionResourceServerApplication

Host: Intel(R) Core(TM) i7-4720HQ CPU @ 2.60GHz, 8 cores, 15G, Pop!_OS 22.04 LTS
Time: Tue Apr 29 17:08:20 2025 PKT elapsed time: 132.497918 seconds (0d 0h 2m 12s)

---------------  T H R E A D  ---------------

Current thread is native thread

Stack: [0x000075675ec01000,0x000075675f401000],  sp=0x000075675f3ffdf8,  free space=8187k
Native frames: (J=compiled Java code, j=interpreted, Vv=VM code, C=native code)
C  0x0000756712855770
C  0x00007567758b10c9

siginfo: si_signo: 11 (SIGSEGV), si_code: 1 (SEGV_MAPERR), si_addr: 0x0000756776059058

Registers:
RAX=0x0000000000000000, RBX=0x000075675f400640, RCX=0x00007568280e57f8, RDX=0x0000000000000000
RSP=0x000075675f3ffdf0, RBP=0x000075675f3ffe20, RSI=0x0000000000000000, RDI=0x0000000000000000
R8 =0x0000000000000000, R9 =0x00007568081f6eff, R10=0x0000000000000000, R11=0x0000000000000293
R12=0x000075675f400640, R13=0x0000000000000002, R14=0x00007568280947d0, R15=0x00007568081f6f40
RIP=0x0000756776059058, EFLAGS=0x0000000000010206, CSGSFS=0x002b000000000033, ERR=0x0000000000000014
  TRAPNO=0x000000000000000e


Top of Stack: (sp=0x000075675f3ffdf0)
0x000075675f3ffdf0:   0000756712855770 0000000a00000000
0x000075675f3ffe00:   0000000a00000000 0000756712855640
0x000075675f3ffe10:   00000000ffffffff 0000756700000001
0x000075675f3ffe20:   000075675f3ffe50 00007567758b10c9
0x000075675f3ffe30:   0000000000000000 0000756712855630
0x000075675f3ffe40:   0000756712855630 ffffffff00000000
0x000075675f3ffe50:   0000000000000000 0000756828094ac3
0x000075675f3ffe60:   0000000000000000 000075675f400640
0x000075675f3ffe70:   00007568081f6de0 1e0768caa85cd402
0x000075675f3ffe80:   000075675f400640 0000000000000002
0x000075675f3ffe90:   00007568280947d0 00007568081f6f40
0x000075675f3ffea0:   f4c9d6b5549cd402 f4d738d839ded402
0x000075675f3ffeb0:   0000000000000000 0000000000000000
0x000075675f3ffec0:   0000000000000000 0000000000000000
