#
# A fatal error has been detected by the Java Runtime Environment:
#
#  SIGSEGV (0xb) at pc=0x00007a412aabc4eb, pid=25570, tid=25761
#
# JRE version: Java(TM) SE Runtime Environment (23.0.1+11) (build 23.0.1+11-39)
# Java VM: Java HotSpot(TM) 64-Bit Server VM (23.0.1+11-39, mixed mode, emulated-client, sharing, tiered, compressed oops, compressed class ptrs, g1 gc, linux-amd64)
# Problematic frame:
# C  0x00007a411dfffb60
#
# Core dump will be written. Default location: Core dumps may be processed with "/usr/share/apport/apport -p%p -s%s -c%c -d%d -P%P -u%u -g%g -- %E" (or dumping to /home/dev/personal/face_recognition_resource_server/core.25570)
#
# If you would like to submit a bug report, please visit:
#   https://bugreport.java.com/bugreport/crash.jsp
#

---------------  S U M M A R Y ------------

Command Line: -XX:TieredStopAtLevel=1 -Dspring.output.ansi.enabled=always -Dcom.sun.management.jmxremote -Dspring.jmx.enabled=true -Dspring.liveBeansView.mbeanDomain -Dspring.application.admin.enabled=true -Dmanagement.endpoints.jmx.exposure.include=* -javaagent:/opt/idea-IU-243.22562.218/lib/idea_rt.jar=44743:/opt/idea-IU-243.22562.218/bin -Dfile.encoding=UTF-8 -Dsun.stdout.encoding=UTF-8 -Dsun.stderr.encoding=UTF-8 com.main.face_recognition_resource_server.FaceRecognitionResourceServerApplication

Host: Intel(R) Core(TM) i7-4720HQ CPU @ 2.60GHz, 8 cores, 15G, Pop!_OS 22.04 LTS
Time: Fri May 23 12:38:01 2025 PKT elapsed time: 13.697386 seconds (0d 0h 0m 13s)

---------------  T H R E A D  ---------------

Current thread is native thread

Stack: [0x00007a411d801000,0x00007a411e001000],  sp=0x00007a411dfffb38,  free space=8186k
Native frames: (J=compiled Java code, j=interpreted, Vv=VM code, C=native code)
C  0x00007a411dfffb60
C  0x00007a412aabb79b
C  0x00007a412aab984c
C  0x00007a412aab10de

siginfo: si_signo: 11 (SIGSEGV), si_code: 1 (SEGV_MAPERR), si_addr: 0x00007a412aabc4eb

Registers:
RAX=0x00007a411dfffb50, RBX=0x00007a411e000640, RCX=0x00007a41deae57f8, RDX=0x00007a40c6946be0
RSP=0x00007a411dfffb30, RBP=0x00007a411dfffb30, RSI=0x00007a40c6946be0, RDI=0x00007a411dfffb50
R8 =0x0000000000000016, R9 =0x00007a41bacf6eff, R10=0x0000000000000000, R11=0x0000000000000293
R12=0x00007a411e000640, R13=0x0000000000000002, R14=0x00007a41dea947d0, R15=0x00007a41bacf6f40
RIP=0x00007a412aabc4eb, EFLAGS=0x0000000000010202, CSGSFS=0x002b000000000033, ERR=0x0000000000000014
  TRAPNO=0x000000000000000e


Top of Stack: (sp=0x00007a411dfffb30)
0x00007a411dfffb30:   00007a411dfffb60 00007a412aabb79b
0x00007a411dfffb40:   00007a41bacf6f40 00007a40c6946be0
0x00007a411dfffb50:   00007a40c6946be0 00007a40c6946bf0
0x00007a411dfffb60:   00007a411dfffe20 00007a412aab984c
0x00007a411dfffb70:   00007a41bacf6fd0 00007a40c6946aa0
0x00007a411dfffb80:   00007a40c69480f0 0000000000000002
0x00007a411dfffb90:   00007a41bacf7420 00007a412b250c0e
0x00007a411dfffba0:   00335f00325f005f 614a0078352e255f
0x00007a411dfffbb0:   0000000000000000 0000000000000000
0x00007a411dfffbc0:   0a0d00360a020015 0000000000000000
0x00007a411dfffbd0:   00007a41de4f39e0 0000000000000000
0x00007a411dfffbe0:   0000000000000000 0000000000000000
0x00007a411dfffbf0:   0000000000000000 0000000000000000
0x00007a411dfffc00:   0000000000000000 0000000000000000
0x00007a411dfffc10:   cafebabecafebabe 0000000000000000
0x00007a411dfffc20:   0000000000000000 0000000000000000
0x00007a411dfffc30:   0000000000000000 0000000000000000
0x00007a411dfffc40:   0000000000000000 0000000000000000
0x00007a411dfffc50:   0000000000000000 0000000000000000
0x00007a411dfffc60:   0000000000000000 0000000000000000
0x00007a411dfffc70:   0000000000000000 0000000000000000
0x00007a411dfffc80:   0000000000000002 0000000000000000
0x00007a411dfffc90:   0000000000000000 0000000000000000
0x00007a411dfffca0:   0000000000000000 0000000000000000
0x00007a411dfffcb0:   0000000000000000 0000000000000000
0x00007a411dfffcc0:   0000000000000000 0000000000000000
0x00007a411dfffcd0:   0000000000000000 0000000000000000
0x00007a411dfffce0:   0000000000000000 0000000000000000
0x00007a411dfffcf0:   0000000000000000 0000000000000000
0x00007a411dfffd00:   0000000000000000 0000000000000000
0x00007a411dfffd10:   0000000000000000 0000000000000000
0x00007a411dfffd20:   0000000000000000 00007a41deae5803 

Instructions: (pc=0x00007a411dfffb60)
0x00007a411dfffa60:   00 00 00 00 00 00 00 00 00 00 00 00 00 00 00 00
0x00007a411dfffa70:   00 00 00 00 00 00 00 00 00 00 00 00 00 00 00 00
0x00007a411dfffa80:   45 58 50 46 00 00 00 00 00 00 00 00 00 00 00 00
0x00007a411dfffa90:   00 00 00 00 00 00 00 00 a2 1f 00 00 ff ff 00 00
0x00007a411dfffaa0:   00 00 00 00 00 00 00 00 00 00 00 00 00 00 00 00
0x00007a411dfffab0:   00 00 00 00 00 00 00 00 00 00 00 00 00 00 