#
# A fatal error has been detected by the Java Runtime Environment:
#
#  SIGSEGV (0xb) at pc=0x00007db1b6a59058, pid=33648, tid=33888
#
# JRE version: Java(TM) SE Runtime Environment (23.0.1+11) (build 23.0.1+11-39)
# Java VM: Java HotSpot(TM) 64-Bit Server VM (23.0.1+11-39, mixed mode, emulated-client, sharing, tiered, compressed oops, compressed class ptrs, g1 gc, linux-amd64)
# Problematic frame:
# C  0x0000000000000000
#
# Core dump will be written. Default location: Core dumps may be processed with "/usr/share/apport/apport -p%p -s%s -c%c -d%d -P%P -u%u -g%g -- %E" (or dumping to /home/dev/personal/face_recognition_resource_server/core.33648)
#
# If you would like to submit a bug report, please visit:
#   https://bugreport.java.com/bugreport/crash.jsp
#

---------------  S U M M A R Y ------------

Command Line: -XX:TieredStopAtLevel=1 -Dspring.output.ansi.enabled=always -Dcom.sun.management.jmxremote -Dspring.jmx.enabled=true -Dspring.liveBeansView.mbeanDomain -Dspring.application.admin.enabled=true -Dmanagement.endpoints.jmx.exposure.include=* -javaagent:/opt/idea-IU-243.22562.218/lib/idea_rt.jar=45061:/opt/idea-IU-243.22562.218/bin -Dfile.encoding=UTF-8 -Dsun.stdout.encoding=UTF-8 -Dsun.stderr.encoding=UTF-8 com.main.face_recognition_resource_server.FaceRecognitionResourceServerApplication

Host: Intel(R) Core(TM) i7-4720HQ CPU @ 2.60GHz, 8 cores, 15G, Pop!_OS 22.04 LTS
Time: Mon Apr 28 13:48:46 2025 PKT elapsed time: 135.842998 seconds (0d 0h 2m 15s)

---------------  T H R E A D  ---------------

Current thread is native thread

Stack: [0x00007db19e201000,0x00007db19ea01000],  sp=0x00007db19e9ffdf8,  free space=8187k
Native frames: <unavailable>

siginfo: si_signo: 11 (SIGSEGV), si_code: 1 (SEGV_MAPERR), si_addr: 0x00007db1b6a59058

Registers:
RAX=0x0000000000000000, RBX=0x00007db19ea00640, RCX=0x00007db2686e57f8, RDX=0x0000000000000000
RSP=0x00007db19e9ffdf0, RBP=0x00007db19e9ffe20, RSI=0x0000000000000000, RDI=0x0000000000000000
R8 =0x0000000000000000, R9 =0x00007db2487f6f3f, R10=0x0000000000000000, R11=0x0000000000000293
R12=0x00007db19ea00640, R13=0x0000000000000002, R14=0x00007db2686947d0, R15=0x00007db2487f6f80
RIP=0x00007db1b6a59058, EFLAGS=0x0000000000010206, CSGSFS=0x002b000000000033, ERR=0x0000000000000014
  TRAPNO=0x000000000000000e


Top of Stack: (sp=0x00007db19e9ffdf0)
0x00007db19e9ffdf0:   0000000000000000 000001f4524e6ce0
0x00007db19e9ffe00:   000001f4524e6cf0 00007db1b74c7038
0x00007db19e9ffe10:   00007db1ffffffff ffffffff0000001c
0x00007db19e9ffe20:   00007db19e9ffe50 00007db1b62c2b1e
0x00007db19e9ffe30:   0000000000000000 00007db1b74c7000
0x00007db19e9ffe40:   00007db1b74c7000 ffffffff00000000
0x00007db19e9ffe50:   0000000000000000 00007db268694ac3
0x00007db19e9ffe60:   0000000000000000 00007db19ea00640
0x00007db19e9ffe70:   00007db2487f6e20 3254aabe278ba47e
0x00007db19e9ffe80:   00007db19ea00640 0000000000000002
0x00007db19e9ffe90:   00007db2686947d0 00007db2487f6f80
0x00007db19e9ffea0:   c9379781db4ba47e c9307a6cb609a47e
0x00007db19e9ffeb0:   0000000000000000 0000000000000000
0x00007db19e9ffec0:   0000000000000000 0000000000000000
0x00007db19e9ffed0:   0000000000000000 1b3dca5144829900
0x00007db19e9ffee0:   0000000000000000 00007db2487f6e20
0x00007db19e9ffef0:   0000000000000000 00007db268726850
0x00007db19e9fff00:   0000000000000000 0000000000000000
0x00007db19e9fff10:   0000000000000000 0000000000000000
0x00007db19e9fff20:   0000000000000000 0000000000000000
0x00007db19e9fff30:   0000000000000000 0000000000000000
0x00007db19e9fff40:   0000000000000000 0000000000000000
0x00007db19e9fff50:   0000000000000000 0000000000000000
0x00007db19e9fff60:   0000000000000000 0000000000000000
0x00007db19e9fff70:   0000000000000000 0000000000000000
0x00007db19e9fff80:   0000000000000000 0000000000000000
0x00007db19e9fff90:   0000000000000000 0000000000000000
0x00007db19e9fffa0:   0000000000000000 0000000000000000
0x00007db19e9fffb0:   0000000000000000 0000000000000000
0x00007db19e9fffc0:   0000000000000000 0000000000000000
0x00007db19e9fffd0:   0000000000000000 0000000000000000
0x00007db19e9fffe0:   0000000000000000 0000000000000000 

Instructions: (pc=0x0000000000000000)
0xffffffffffffff00:   



---------------  P R O C E S S  ---------------

VM state: at safepoint (shutting down)

VM Mutex/Monitor currently owned by a thread:  ([mutex/lock_event])
[0x00007db2684706f8] Threads_lock - owner thread: 0x00007db2601643e0
[0x00007db2684705f8] Heap_lock - owner thread: 0x00007db1d000a1d0

Heap address: 0x0000000707400000, size: 3980 MB, Compressed Oops mode: Zero based, Oop shift amount: 3

CDS archive(s) mapped at: [0x00007db1f2000000-0x00007db1f2d91000-0x00007db1f2d91000), size 14225408, SharedBaseAddress: 0x00007db1f2000000, ArchiveRelocationMode: 1.
Compressed class space mapped at: 0x00007db1f3000000-0x00007db233000000, reserved size: 1073741824
Narrow klass base: 0x00007db1f2000000, Narrow klass shift: 0, Narrow klass range: 0x100000000

GC Precious Log:
<Skipped>

Heap:
 garbage-first heap   total reserved 4075520K, committed 165888K, used 113901K [0x0000000707400000, 0x0000000800000000)
  region size 2048K, 19 young (38912K), 3 survivors (6144K)
 Metaspace       used 97430K, committed 98624K, reserved 1179648K
  class space    used 14837K, committed 15360K, reserved 1048576K

Heap Regions: E=young(eden), S=young(survivor), O=old, HS=humongous(starts), HC=humongous(continues), CS=collection set, F=free, TAMS=top-at-mark-start, PB=parsable bottom
|   0|0x0000000707400000, 0x0000000707600000, 0x0000000707600000|100%| O|  |TAMS 0x0000000707400000| PB 0x0000000707400000| Untracked |  0
|   1|0x0000000707600000, 0x0000000707800000, 0x0000000707800000|100%| O|  |TAMS 0x0000000707600000| PB 0x0000000707600000| Untracked |  0
|   2|0x0000000707800000, 0x0000000707a00000, 0x0000000707a00000|100%| O|  |TAMS 0x0000000707800000| PB 0x0000000707800000| Untracked |  0
|   3|0x0000000707a00000, 0x0000000707c00000, 0x0000000707c00000|100%| O|  |TAMS 0x0000000707a00000| PB 0x0000000707a00000| Untracked |  0
|   4|0x0000000707c00000, 0x0000000707e00000, 0x0000000707e00000|100%| O|  |TAMS 0x0000000707c00000| PB 0x0000000707c00000| Untracked |  0
|   5|0x0000000707e00000, 0x0000000708000000, 0x0000000708000000|100%| O|  |TAMS 0x0000000707e00000| PB 0x0000000707e00000| Untracked |  0
|   6|0x0000000708000000, 0x0000000708200000, 0x0000000708200000|100%| O|  |TAMS 0x0000000708000000| PB 0x0000000708000000| Untracked |  0
|   7|0x0000000708200000, 0x0000000708400000, 0x0000000708400000|100%| O|  |TAMS 0x0000000708200000| PB 0x0000000708200000| Untracked |  0
|   8|0x0000000708400000, 0x0000000708600000, 0x0000000708600000|100%| O|  |TAMS 0x0000000708400000| PB 0x0000000708400000| Untracked |  0
|   9|0x0000000708600000, 0x0000000708800000, 0x0000000708800000|100%| O|  |TAMS 0x0000000708600000| PB 0x0000000708600000| Untracked |  0
|  10|0x0000000708800000, 0x0000000708a00000, 0x0000000708a00000|100%| O|  |TAMS 0x0000000708800000| PB 0x0000000708800000| Untracked |  0
|  11|0x0000000708a00000, 0x0000000708c00000, 0x0000000708c00000|100%| O|  |TAMS 0x0000000708a00000| PB 0x0000000708a00000| Untracked |  0
|  12|0x0000000708c00000, 0x0000000708e00000, 0x0000000708e00000|100%| O|  |TAMS 0x0000000708c00000| PB 0x0000000708c00000| Untracked |  0
|  13|0x0000000708e00000, 0x0000000709000000, 0x0000000709000000|100%| O|  |TAMS 0x0000000708e00000| PB 0x0000000708e00000| Untracked |  0
|  14|0x0000000709000000, 0x0000000709200000, 0x0000000709200000|100%| O|  |TAMS 0x0000000709000000| PB 0x0000000709000000| Untracked |  0
|  15|0x0000000709200000, 0x0000000709400000, 0x0000000709400000|100%| O|  |TAMS 0x0000000709200000| PB 0x0000000709200000| Untracked |  0
|  16|0x0000000709400000, 0x0000000709600000, 0x0000000709600000|100%| O|  |TAMS 0x0000000709400000| PB 0x0000000709400000| Untracked |  0
|  17|0x0000000709600000, 0x0000000709800000, 0x0000000709800000|100%| O|  |TAMS 0x0000000709600000| PB 0x0000000709600000| Untracked |  0
|  18