#
# A fatal error has been detected by the Java Runtime Environment:
#
#  SIGSEGV (0xb) at pc=0x00007c6def259058, pid=41838, tid=42023
#
# JRE version: Java(TM) SE Runtime Environment (23.0.1+11) (build 23.0.1+11-39)
# Java VM: Java HotSpot(TM) 64-Bit Server VM (23.0.1+11-39, mixed mode, emulated-client, sharing, tiered, compressed oops, compressed class ptrs, g1 gc, linux-amd64)
# Problematic frame:
# C  0x0000000000000a4a
#
# Core dump will be written. Default location: Core dumps may be processed with "/usr/share/apport/apport -p%p -s%s -c%c -d%d -P%P -u%u -g%g -- %E" (or dumping to /home/dev/personal/face_recognition_resource_server/core.41838)
#
# If you would like to submit a bug report, please visit:
#   https://bugreport.java.com/bugreport/crash.jsp
#

---------------  S U M M A R Y ------------

Command Line: -XX:TieredStopAtLevel=1 -Dspring.output.ansi.enabled=always -Dcom.sun.management.jmxremote -Dspring.jmx.enabled=true -Dspring.liveBeansView.mbeanDomain -Dspring.application.admin.enabled=true -Dmanagement.endpoints.jmx.exposure.include=* -javaagent:/opt/idea-IU-243.22562.218/lib/idea_rt.jar=42975:/opt/idea-IU-243.22562.218/bin -Dfile.encoding=UTF-8 -Dsun.stdout.encoding=UTF-8 -Dsun.stderr.encoding=UTF-8 com.main.face_recognition_resource_server.FaceRecognitionResourceServerApplication

Host: Intel(R) Core(TM) i7-4720HQ CPU @ 2.60GHz, 8 cores, 15G, Pop!_OS 22.04 LTS
Time: Thu May 22 15:03:35 2025 PKT elapsed time: 239.891534 seconds (0d 0h 3m 59s)

---------------  T H R E A D  ---------------

Current thread is native thread

Stack: [0x00007c6dd6c01000,0x00007c6dd7401000],  sp=0x00007c6dd73ffdf8,  free space=8187k
Native frames: (J=compiled Java code, j=interpreted, Vv=VM code, C=native code)
C  0x0000000000000a4a
C  0x00007c6deeac2bc0

siginfo: si_signo: 11 (SIGSEGV), si_code: 1 (SEGV_MAPERR), si_addr: 0x00007c6def259058

Registers:
RAX=0x0000000000000000, RBX=0x00007c6dd7400640, RCX=0x00007c6ea2ae57f8, RDX=0x0000000000000000
RSP=0x00007c6dd73ffdf0, RBP=0x00007c6dd73ffe20, RSI=0x0000000000000000, RDI=0x0000000000000000
R8 =0x0000000000000000, R9 =0x00007c6e7eaf6f3f, R10=0x0000000000000000, R11=0x0000000000000293
R12=0x00007c6dd7400640, R13=0x0000000000000002, R14=0x00007c6ea2a947d0, R15=0x00007c6e7eaf6f80
RIP=0x00007c6def259058, EFLAGS=0x0000000000010206, CSGSFS=0x002b000000000033, ERR=0x0000000000000014
  TRAPNO=0x000000000000000e


Top of Stack: (sp=0x00007c6dd73ffdf0)
0x00007c6dd73ffdf0:   0000000000000a4a 000000050000054c
0x00007c6dd73ffe00:   0000000500000000 00007c6defcc7038
0x00007c6dd73ffe10:   00007c6dffffffff 00007c6d00000000
0x00007c6dd73ffe20:   00007c6dd73ffe50 00007c6deeac2bc0
0x00007c6dd73ffe30:   0000000000000000 00007c6defcc7000
0x00007c6dd73ffe40:   00007c6defcc7000 ffffffff00000000
0x00007c6dd73ffe50:   0000000000000000 00007c6ea2a94ac3
0x00007c6dd73ffe60:   0000000000000000 00007c6dd7400640
0x00007c6dd73ffe70:   00007c6e7eaf6e20 8d5230e1fa7df1d4
0x00007c6dd73ffe80:   00007c6dd7400640 0000000000000002
0x00007c6dd73ffe90:   00007c6ea2a947d0 00007c6e7eaf6f80
0x00007c6dd73ffea0:   75899e9e06bdf1d4 758f75b36bfff1d4
0x00007c6dd73ffeb0:   0000000000000000 0000000000000000
0x00007c6dd73ffec0:   0000000000000000 0000000000000000
0x00007c6dd73ffed0:   0000000000000000 b73375acae8d7600
0x00007c6dd73ffee0:   0000000000000000 00007c6e7eaf6e20
0x00007c6dd73ffef0:   0000000000000000 00007c6ea2b26850
0x00007c6dd73fff00:   0000000000000000 0000000000000000
0x00007c6dd73fff10:   0000000000000000 0000000000000000
0x00007c6dd73fff20:   0000000000000000 0000000000000000
0x00007c6dd73fff30:   0000000000000000 0000000000000000
0x00007c6dd73fff40:   0000000000000000 0000000000000000
0x00007c6dd73fff50:   0000000000000000 0000000000000000
0x00007c6dd73fff60:   0000000000000000 0000000000000000
0x00007c6dd73fff70:   0000000000000000 0000000000000000
0x00007c6dd73fff80:   0000000000000000 0000000000000000
0x00007c6dd73fff90:   0000000000000000 0000000000000000
0x00007c6dd73fffa0:   0000000000000000 0000000000000000
0x00007c6dd73fffb0:   0000000000000000 0000000000000000
0x00007c6dd73fffc0:   0000000000000000 0000000000000000
0x00007c6dd73fffd0:   0000000000000000 0000000000000000
0x00007c6dd73fffe0:   0000000000000000 0000000000000000 

Instructions: (pc=0x0000000000000a4a)
0x000000000000094a:   ?? ?? ?? ?? ?? ?? ?? ?? ?? ?? ?? ?? ?? ?? ?? ??
0x000000000000095a:   ?? ?? ?? ?? ?? ?? ?? ?? ?? ?? ?? ?? ?? ?? ?? ??
0x000000000000096a:   ?? ?? ?? ?? ?? ?? ?? ?? ?? ?? ?? ?? ?? ?? ?? ??
0x000000000000097a:   ?? ?? ?? ?? ?? ?? ?? ?? ?? ?? ?? ?? ?? ?? ?? ??
0x000000000000098a:   ?? ?? ?? ?? ?? ?? ?? ?? ?? ?? ?? ?? ?? ?? ?? ??
0x000000000000099a:   ?? ?? ?? ?? ?? ?? ?? ?? ?? ?? ?? ?? ?? ?? ?? ??
0x00000000000009aa:   ?? ?? ?? ?? ?? ?? ?? ?? ?? ?? ?? ?? ?? ?? ?? ??
0x00000000000009ba:   ?? ?? ?? ?? ?? ?? ?? ?? ?? ?? ?? 