#
# A fatal error has been detected by the Java Runtime Environment:
#
#  SIGSEGV (0xb) at pc=0x0000725e5aa59058, pid=34769, tid=34985
#
# JRE version: Java(TM) SE Runtime Environment (23.0.1+11) (build 23.0.1+11-39)
# Java VM: Java HotSpot(TM) 64-Bit Server VM (23.0.1+11-39, mixed mode, emulated-client, sharing, tiered, compressed oops, compressed class ptrs, g1 gc, linux-amd64)
# Problematic frame:
# C  0x0000725df6a10980
#
# Core dump will be written. Default location: Core dumps may be processed with "/usr/share/apport/apport -p%p -s%s -c%c -d%d -P%P -u%u -g%g -- %E" (or dumping to /home/dev/personal/face_recognition_resource_server/core.34769)
#
# If you would like to submit a bug report, please visit:
#   https://bugreport.java.com/bugreport/crash.jsp
#

---------------  S U M M A R Y ------------

Command Line: -XX:TieredStopAtLevel=1 -Dspring.output.ansi.enabled=always -Dcom.sun.management.jmxremote -Dspring.jmx.enabled=true -Dspring.liveBeansView.mbeanDomain -Dspring.application.admin.enabled=true -Dmanagement.endpoints.jmx.exposure.include=* -javaagent:/opt/idea-IU-243.22562.218/lib/idea_rt.jar=40665:/opt/idea-IU-243.22562.218/bin -Dfile.encoding=UTF-8 -Dsun.stdout.encoding=UTF-8 -Dsun.stderr.encoding=UTF-8 com.main.face_recognition_resource_server.FaceRecognitionResourceServerApplication

Host: Intel(R) Core(TM) i7-4720HQ CPU @ 2.60GHz, 8 cores, 15G, Pop!_OS 22.04 LTS
Time: Mon Apr 28 14:13:53 2025 PKT elapsed time: 1503.288286 seconds (0d 0h 25m 3s)

---------------  T H R E A D  ---------------

Current thread is native thread

Stack: [0x0000725e43601000,0x0000725e43e01000],  sp=0x0000725e43dffdf8,  free space=8187k
Native frames: (J=compiled Java code, j=interpreted, Vv=VM code, C=native code)
C  0x0000725df6a10980
C  0x0000725e5a2b10c9

siginfo: si_signo: 11 (SIGSEGV), si_code: 1 (SEGV_MAPERR), si_addr: 0x0000725e5aa59058

Registers:
RAX=0x0000000000000000, RBX=0x0000725e43e00640, RCX=0x0000725f0cee57f8, RDX=0x0000000000000000
RSP=0x0000725e43dffdf0, RBP=0x0000725e43dffe20, RSI=0x0000000000000000, RDI=0x0000000000000000
R8 =0x0000000000000000, R9 =0x0000725eecff6eff, R10=0x0000000000000000, R11=0x0000000000000293
R12=0x0000725e43e00640, R13=0x0000000000000002, R14=0x0000725f0ce947d0, R15=0x0000725eecff6f40
RIP=0x0000725e5aa59058, EFLAGS=0x0000000000010206, CSGSFS=0x002b000000000033, ERR=0x0000000000000014
  TRAPNO=0x000000000000000e


Top of Stack: (sp=0x0000725e43dffdf0)
0x0000725e43dffdf0:   0000725df6a10980 0000000a00000000
0x0000725e43dffe00:   0000000a00000000 0000725df6a10850
0x0000725e43dffe10:   00000000ffffffff 0000725e00000001
0x0000725e43dffe20:   0000725e43dffe50 0000725e5a2b10c9
0x0000725e43dffe30:   0000000000000000 0000725df6a10840
0x0000725e43dffe40:   0000725df6a10840 ffffffff00000000
0x0000725e43dffe50:   0000000000000000 0000725f0ce94ac3
0x0000725e43dffe60:   0000000000000000 0000725e43e00640
0x0000725e43dffe70:   0000725eecff6de0 1306490792dd8d74
0x0000725e43dffe80:   0000725e43e00640 0000000000000002
0x0000725e43dffe90:   0000725f0ce947d0 0000725eecff6f40
0x0000725e43dffea0:   f7baceb86e1d8d74 f7b850d5035f8d74
0x0000725e43dffeb0:   0000000000000000 0000000000000000
0x0000725e43dffec0:   0000000000000000 0000000000000000
0x0000725e43dffed0:   0000000000000000 af6963c148026f00
0x0000725e43dffee0:   0000000000000000 0000725eecff6de0
0x0000725e43dffef0:   0000000000000000 0000725f0cf26850
0x0000725e43dfff00:   0000000000000000 0000000000000000
0x0000725e43dfff10:   0000000000000000 0000000000000000
0x0000725e43dfff20:   0000000000000000 0000000000000000
0x0000725e43dfff30:   0000000000000000 0000000000000000
0x0000725e43dfff40:   0000000000000000 0000000000000000
0x0000725e43dfff50:   0000000000000000 0000000000000000
0x0000725e43dfff60:   0000000000000000 0000000000000000
0x0000725e43dfff70:   0000000000000000 0000000000000000
0x0000725e43dfff80:   0000000000000000 0000000000000000
0x0000725e43dfff90:   0000000000000000 0000000000000000
0x0000725e43dfffa0:   0000000000000000 0000000000000000
0x0000725e43dfffb0:   0000000000000000 0000000000000000
0x0000725e43dfffc0:   0000000000000000 0000000000000000
0x0000725e43dfffd0:   0000000000000000 0000000000000000
0x0000725e43dfffe0:   0000000000000000 0000000000000000 

Instructions: (pc=0x0000725df6a10980)
0x0000725df6a10880:   10 7f 42 5b 5e 72 00 00 40 06 e0 43 5e 72 00 00
0x0000725df6a10890:   00 00 00 00 00 00 00 00 88 13 00 00 01 00 00 00
0x0000725df6a108a0:   dc 05 00 00 00 e8 03 00 e8 