#
# A fatal error has been detected by the Java Runtime Environment:
#
#  SIGSEGV (0xb) at pc=0x000072ed53259058, pid=19355, tid=19523
#
# JRE version: Java(TM) SE Runtime Environment (23.0.1+11) (build 23.0.1+11-39)
# Java VM: Java HotSpot(TM) 64-Bit Server VM (23.0.1+11-39, mixed mode, emulated-client, sharing, tiered, compressed oops, compressed class ptrs, g1 gc, linux-amd64)
# Problematic frame:
# C  0x0000000000000000
#
# Core dump will be written. Default location: Core dumps may be processed with "/usr/share/apport/apport -p%p -s%s -c%c -d%d -P%P -u%u -g%g -- %E" (or dumping to /home/dev/personal/face_recognition_resource_server/core.19355)
#
# If you would like to submit a bug report, please visit:
#   https://bugreport.java.com/bugreport/crash.jsp
#

---------------  S U M M A R Y ------------

Command Line: -XX:TieredStopAtLevel=1 -Dspring.output.ansi.enabled=always -Dcom.sun.management.jmxremote -Dspring.jmx.enabled=true -Dspring.liveBeansView.mbeanDomain -Dspring.application.admin.enabled=true -Dmanagement.endpoints.jmx.exposure.include=* -javaagent:/opt/idea-IU-243.22562.218/lib/idea_rt.jar=36015:/opt/idea-IU-243.22562.218/bin -Dfile.encoding=UTF-8 -Dsun.stdout.encoding=UTF-8 -Dsun.stderr.encoding=UTF-8 com.main.face_recognition_resource_server.FaceRecognitionResourceServerApplication

Host: Intel(R) Core(TM) i7-4720HQ CPU @ 2.60GHz, 8 cores, 15G, Pop!_OS 22.04 LTS
Time: Tue Apr 29 14:13:09 2025 PKT elapsed time: 20.552166 seconds (0d 0h 0m 20s)

---------------  T H R E A D  ---------------

Current thread is native thread

Stack: [0x000072ed38e01000,0x000072ed39601000],  sp=0x000072ed395ffdf8,  free space=8187k
Native frames: <unavailable>

siginfo: si_signo: 11 (SIGSEGV), si_code: 1 (SEGV_MAPERR), si_addr: 0x000072ed53259058

Registers:
RAX=0x0000000000000000, RBX=0x000072ed39600640, RCX=0x000072ee052e57f8, RDX=0x0000000000000000
RSP=0x000072ed395ffdf0, RBP=0x000072ed395ffe20, RSI=0x0000000000000000, RDI=0x0000000000000000
R8 =0x0000000000000000, R9 =0x0000000000000000, R10=0x0000000000000000, R11=0x0000000000000293
R12=0x000072ed39600640, R13=0x0000000000000002, R14=0x000072ee052947d0, R15=0x000072ede54f6f80
RIP=0x000072ed53259058, EFLAGS=0x0000000000010206, CSGSFS=0x002b000000000033, ERR=0x0000000000000014
  TRAPNO=0x000000000000000e


Top of Stack: (sp=0x000072ed395ffdf0)
0x000072ed395ffdf0:   0000000000000000 0000000a00000000
0x000072ed395ffe00:   0000000a00000000 000072ed53cc7038
0x000072ed395ffe10:   000072edffffffff 000072ed00000001
0x000072ed395ffe20:   000072ed395ffe50 000072ed52ac2cf3
0x000072ed395ffe30:   0000000000000000 000072ed53cc7000
0x000072ed395ffe40:   000072ed53cc7000 ffffffff00000000
0x000072ed395ffe50:   0000000000000000 000072ee05294ac3
0x000072ed395ffe60:   0000000000000000 000072ed39600640
0x000072ed395ffe70:   000072ede54f6e20 6da97f3912c18182
0x000072ed395ffe80:   000072ed39600640 0000000000000002
0x000072ed395ffe90:   000072ee052947d0 000072ede54f6f80
0x000072ed395ffea0:   88730d86ee018182 8875756b83438182
0x000072ed395ffeb0:   0000000000000000 0000000000000000
0x000072ed395ffec0:   0000000000000000 0000000000000000
0x000072ed395ffed0:   0000000000000000 773ef59aac78b100
0x000072ed395ffee0:   0000000000000000 000072ede54f6e20
0x000072ed395ffef0:   0000000000000000 000072ee05326850
0x000072ed395fff00:   0000000000000000 0000000000000000
0x000072ed395fff10:   0000000000000000 0000000000000000
0x000072ed395fff20:   0000000000000000 0000000000000000
0x000072ed395fff30:   0000000000000000 0000000000000000
0x000072ed395fff40:   0000000000000000 0000000000000000
0x000072ed395fff50:   0000000000000000 0000000000000000
0x000072ed395fff60:   0000000000000000 0000000000000000
0x000072ed395fff70:   0000000000000000 0000000000000000
0x000072ed395fff80:   0000000000000000 0000000000000000
0x000072ed395fff90:   0000000000000000 0000000000000000
0x000072ed395fffa0:   0000000000000000 0000000000000000
0x000072ed395fffb0:   0000000000000000 0000000000000000
0x000072ed395fffc0:   0000000000000000 0000000000000000
0x000072ed395fffd0:   0000000000000000 0000000000000000
0x000072ed395fffe0:   