#
# A fatal error has been detected by the Java Runtime Environment:
#
#  SIGSEGV (0xb) at pc=0x0000787383259058, pid=29499, tid=29666
#
# JRE version: Java(TM) SE Runtime Environment (23.0.1+11) (build 23.0.1+11-39)
# Java VM: Java HotSpot(TM) 64-Bit Server VM (23.0.1+11-39, mixed mode, emulated-client, sharing, tiered, compressed oops, compressed class ptrs, g1 gc, linux-amd64)
# Problematic frame:
# C  0x0000000000000000
#
# Core dump will be written. Default location: Core dumps may be processed with "/usr/share/apport/apport -p%p -s%s -c%c -d%d -P%P -u%u -g%g -- %E" (or dumping to /home/dev/personal/face_recognition_resource_server/core.29499)
#
# If you would like to submit a bug report, please visit:
#   https://bugreport.java.com/bugreport/crash.jsp
#

---------------  S U M M A R Y ------------

Command Line: -XX:TieredStopAtLevel=1 -Dspring.output.ansi.enabled=always -Dcom.sun.management.jmxremote -Dspring.jmx.enabled=true -Dspring.liveBeansView.mbeanDomain -Dspring.application.admin.enabled=true -Dmanagement.endpoints.jmx.exposure.include=* -javaagent:/opt/idea-IU-243.22562.218/lib/idea_rt.jar=38249:/opt/idea-IU-243.22562.218/bin -Dfile.encoding=UTF-8 -Dsun.stdout.encoding=UTF-8 -Dsun.stderr.encoding=UTF-8 com.main.face_recognition_resource_server.FaceRecognitionResourceServerApplication

Host: Intel(R) Core(TM) i7-4720HQ CPU @ 2.60GHz, 8 cores, 15G, Pop!_OS 22.04 LTS
Time: Tue Apr 29 16:53:22 2025 PKT elapsed time: 874.954450 seconds (0d 0h 14m 34s)

---------------  T H R E A D  ---------------

Current thread is native thread

Stack: [0x000078736b601000,0x000078736be01000],  sp=0x000078736bdffdf8,  free space=8187k
Native frames: <unavailable>

siginfo: si_signo: 11 (SIGSEGV), si_code: 1 (SEGV_MAPERR), si_addr: 0x0000787383259058

Registers:
RAX=0x0000000000000000, RBX=0x000078736be00640, RCX=0x0000787435ce57f8, RDX=0x0000000000000000
RSP=0x000078736bdffdf0, RBP=0x000078736bdffe20, RSI=0x0000000000000000, RDI=0x0000000000000000
R8 =0x0000000000000000, R9 =0x0000787415df6f3f, R10=0x0000000000000000, R11=0x0000000000000293
R12=0x000078736be00640, R13=0x0000000000000002, R14=0x0000787435c947d0, R15=0x0000787415df6f80
RIP=0x0000787383259058, EFLAGS=0x0000000000010206, CSGSFS=0x002b000000000033, ERR=0x0000000000000014
  TRAPNO=0x000000000000000e


Top of Stack: (sp=0x000078736bdffdf0)
0x000078736bdffdf0:   0000000000000000 000001f41e45c770
0x000078736bdffe00:   000001f41e79ac48 0000787383cc7038
0x000078736bdffe10:   00007873ffffffff ffffffff00000009
0x000078736bdffe20:   000078736bdffe50 0000787382ac2b1e
0x000078736bdffe30:   0000000000000000 0000787383cc7000
0x000078736bdffe40:   0000787383cc7000 ffffffff00000001
0x000078736bdffe50:   0000000000000000 0000787435c94ac3
0x000078736bdffe60:   0000000000000000 000078736be00640
0x000078736bdffe70:   0000787415df6e20 6e3e3ac3948d7ab9
0x000078736bdffe80:   000078736be00640 0000000000000002
0x000078736bdffe90:   0000787435c947d0 0000787415df6f80
0x000078736bdffea0:   9ed8ed7c684d7ab9 9ed65151050f7ab9
0x000078736bdffeb0:   0000000000000000 0000000000000000
0x000078736bdffec0:   0000000000000000 0000000000000000
0x000078736bdffed0:   0000000000000000 d5468d36f48a6f00
0x000078736bdffee0:   0000000000000000 0000787415df6e20
0x000078736bdffef0:   0000000000000000 0000787435d26850
0x000078736bdfff00:   0000000000000000 0000000000000000
0x000078736bdfff10:   0000000000000000 0000000000000000
0x000078736bdfff20:   0000000000000000 0000000000000000
0x000078736bdfff30:   0000000000000000 0000000000000000
0x000078736bdfff40:   0000000000000000 0000000000000000
0x000078736bdfff50:   0000000000000000 0000000000000000
0x000078736bdfff60:   0000000000000000 0000000000000000
0x000078736bdfff70:   0000000000000000 0000000000000000
0x000078736bdfff80:   0000000000000000 0000000000000000
0x000078736bdfff90:   0000000000000000 0000000000000000
0x000078736bdfffa0:   0000000000000000 0000000000000000
0x000078736bdfffb0:   0000000000000000 0000000000000000
0x000078736bdfffc0:   0000000000000000 0000000000000000
0x000078736bdfffd0:   0000000000000000 0000000000000000
0x000078736bdfffe0:   0000000000000000 0000000000000000 

Instructions: (pc=0x0000000000000000)
0xffffffffffffff00:   



---------------  P R O C E S S  ---------------

VM state: at safepoint (shutting down)

VM Mutex/Monitor currently owned by a thread:  ([mutex/lock_event])
[0x0000787435a706f8] Threads_lock - owner thread: 0x0000787430164460
[0x0000787435a705f8] Heap_lock - owner thread: 0x000078739c00a1e0

Heap address: 0x0000000707400000, size: 3980 MB, Compressed Oops mode: Zero based, Oop shift amount: 3

CDS archive(s) mapped at: [0x00007873be000000-0x00007873bed91000-0x00007873bed91000), size 14225408, SharedBaseAddress: 0x00007873be000000, ArchiveRelocationMode: 1.
Compressed class space mapped at: 0x00007873bf000000-0x00007873ff000000, reserved size: 1073741824
Narrow klass base: 0x00007873be000000, Narrow klass shift: 0, Narrow klass range: 0x100000000

GC Precious Log:
<Skipped>

Heap:
 garbage-first heap   total reserved 4075520K, committed 167936K, used 78862K [0x0000000707400000, 0x0000000800000000)
  region size 2048K, 12 young (24576K), 3 survivors (6144K)
 Metaspace       used 94205K, committed 95104K, reserved 1179648K
  class space    used 14386K, committed 14784K, reserved 1048576K

Heap Regions: E=young(eden), S=young(survivor), O=old, HS=humongous(starts), HC=humongous(continues), CS=collection set, F=free, TAMS=top-at-mark-start, PB=parsable bottom
|   0|0x0000000707400000, 0x0000000707600000, 0x0000000707600000|100%| O|  |TAMS 0x0000000707400000| PB 0x0000000707400000| Untracked |  0
|   1|0x0000000707600000, 0x0000000707800000, 0x0000000707800000|100%| O|  |TAMS 0x0000000707600000| PB 0x0000000707600000| Untracked |  0
|   2|0x0000000707800000, 0x0000000707a00000, 0x0000000707a00000|100%| O|  |TAMS 0x0000000707800000| PB 0x0000000707800000| Untracked |  0
|   3|0x0000000707a00000, 0x0000000707c00000, 0x0000000707c00000|100%| O|  |TAMS 0x0000000707a00000| PB 0x0000000707a00000| Untracked |  0
|   4|0x0000000707c00000, 0x0000000707e00000, 0x0000000707e00000|100%| O|  |TAMS 0x0000000707c00000| PB 0x0000000707c00000| Untracked |  0
|   5|0x0000000707e00000, 0x0000000707e00000, 0x0000000708000000|  0%| F|  |TAMS 0x0000000707e00000| PB 0x0000000707e00000| Untracked |  0
|   6|0x0000000708000000, 0x0000000708200000, 0x0000000708200000|100%| O|  |TAMS 0x0000000708000000| PB 0x0000000708000000| Untracked |  0
|   7|0x0000000708200000, 0x0000000708400000, 0x0000000708400000|100%| O|  |TAMS 0x0000000708200000| PB 0x0000000708200000| Untracked |  0
|   8|0x0000000708400000, 0x0000000708600000, 0x0000000708600000|100%| O|  |TAMS 0x0000000708400000| PB 0x0000000708400000| Untracked |  0
|   9|0x0000000708600000, 0x0000000708800000, 0x0000000708800000|100%| O|  |TAMS 0x0000000708600000| PB 0x0000000708600000| Untracked |  0
|  10|0x0000000708800000, 0x0000000708a00000, 0x0000000708a00000|100%| O|  |TAMS 0x0000000708800000| PB 0x0000000708800000| Untracked |  0
|  11|0x0000000708a00000, 0x0000000708c00000, 0x0000000708c00000|100%| O|  |TAMS 0x0000000708a00000| PB 0x0000000708a00000| Untracked |  0
|  12|0x0000000708c00000, 0x0000000708c00000, 0x0000000708e00000|  0%| F|  |TAMS 0x0000000708c00000| PB 0x0000000708c00000| Untracked |  0
|  13|0x0000000708e00000, 0x0000000709000000, 0x0000000709000000|100%| O|  |TAMS 0x0000000708e00000| PB 0x0000000708e00000| Untracked |  0
|  14|0x0000000709000000, 0x0000000709200000, 0x0000000709200000|100%| O|  |TAMS 0x0000000709000000| PB 0x0000000709000000| Untracked |  0
|  15|0x0000000709200000, 0x0000000709200000, 0x0000000709400000|  0%| F|  |TAMS 0x0000000709200000| PB 0x0000000709200000| Untracked |  0
|  16|0x0000000709400000, 0x0000000709400000, 0x0000000709600000|  0%| F|  |TAMS 0x0000000709400000| PB 0x0000000709400000| Untracked |  0
|  17|0x0000000709600000, 0x0000000709600000, 0x0000000709800000|  0%| F|  |TAMS 0x0000000709600000| PB 0x0000000709600000| Untracked |  0
|  18|0x0000000709800000, 0x0000000709a00000, 0x0000000709a00000|100%| O|  |TAMS 0x0000000709800000| PB 0x0000000709800000| Untracked |  0
|  19|0x0000000709a00000, 0x0000000709a00000, 0x0000000709c00000|  0%| F|  |TAMS 0x0000000709a00000| PB 0x0000000709a00000| Untracked |  0
|  20|0x0000000709c00000, 0x0000000709e00000, 0x0000000709e00000|100%| O|  |TAMS 0x0000000709c00000| PB 0x0000000709c00000| Untracked |  0
|  21