#
# A fatal error has been detected by the Java Runtime Environment:
#
#  SIGSEGV (0xb) at pc=0x00007da8d1659058, pid=26944, tid=27110
#
# JRE version: Java(TM) SE Runtime Environment (23.0.1+11) (build 23.0.1+11-39)
# Java VM: Java HotSpot(TM) 64-Bit Server VM (23.0.1+11-39, mixed mode, emulated-client, sharing, tiered, compressed oops, compressed class ptrs, g1 gc, linux-amd64)
# Problematic frame:
# C  0x0000000000000000
#
# Core dump will be written. Default location: Core dumps may be processed with "/usr/share/apport/apport -p%p -s%s -c%c -d%d -P%P -u%u -g%g -- %E" (or dumping to /home/dev/personal/face_recognition_resource_server/core.26944)
#
# If you would like to submit a bug report, please visit:
#   https://bugreport.java.com/bugreport/crash.jsp
#

---------------  S U M M A R Y ------------

Command Line: -XX:TieredStopAtLevel=1 -Dspring.output.ansi.enabled=always -Dcom.sun.management.jmxremote -Dspring.jmx.enabled=true -Dspring.liveBeansView.mbeanDomain -Dspring.application.admin.enabled=true -Dmanagement.endpoints.jmx.exposure.include=* -javaagent:/opt/idea-IU-243.22562.218/lib/idea_rt.jar=42257:/opt/idea-IU-243.22562.218/bin -Dfile.encoding=UTF-8 -Dsun.stdout.encoding=UTF-8 -Dsun.stderr.encoding=UTF-8 com.main.face_recognition_resource_server.FaceRecognitionResourceServerApplication

Host: Intel(R) Core(TM) i7-4720HQ CPU @ 2.60GHz, 8 cores, 15G, Pop!_OS 22.04 LTS
Time: Tue Apr 29 16:13:19 2025 PKT elapsed time: 564.752837 seconds (0d 0h 9m 24s)

---------------  T H R E A D  ---------------

Current thread is native thread

Stack: [0x00007da8aec01000,0x00007da8af401000],  sp=0x00007da8af3ffdf8,  free space=8187k
Native frames: <unavailable>

siginfo: si_signo: 11 (SIGSEGV), si_code: 1 (SEGV_MAPERR), si_addr: 0x00007da8d1659058

Registers:
RAX=0x0000000000000000, RBX=0x00007da8af400640, RCX=0x00007da9838e57f8, RDX=0x0000000000000000
RSP=0x00007da8af3ffdf0, RBP=0x00007da8af3ffe20, RSI=0x0000000000000000, RDI=0x0000000000000000
R8 =0x0000000000000000, R9 =0x0000000000000000, R10=0x0000000000000000, R11=0x0000000000000293
R12=0x00007da8af400640, R13=0x0000000000000002, R14=0x00007da9838947d0, R15=0x00007da95b8f6f80
RIP=0x00007da8d1659058, EFLAGS=0x0000000000010206, CSGSFS=0x002b000000000033, ERR=0x0000000000000014
  TRAPNO=0x000000000000000e


Top of Stack: (sp=0x00007da8af3ffdf0)
0x00007da8af3ffdf0:   0000000000000000 0000000a00000000
0x00007da8af3ffe00:   0000000a00000000 00007da8d20c7038
0x00007da8af3ffe10:   00007da8ffffffff 00007da800000001
0x00007da8af3ffe20:   00007da8af3ffe50 00007da8d0ec2cf3
0x00007da8af3ffe30:   0000000000000000 00007da8d20c7000
0x00007da8af3ffe40:   00007da8d20c7000 ffffffff00000000
0x00007da8af3ffe50:   0000000000000000 00007da983894ac3
