#
# A fatal error has been detected by the Java Runtime Environment:
#
#  SIGSEGV (0xb) at pc=0x00007b8aaaa59058, pid=18717, tid=19266
#
# JRE version: Java(TM) SE Runtime Environment (23.0.1+11) (build 23.0.1+11-39)
# Java VM: Java HotSpot(TM) 64-Bit Server VM (23.0.1+11-39, mixed mode, emulated-client, sharing, tiered, compressed oops, compressed class ptrs, g1 gc, linux-amd64)
# Problematic frame:
# C  0x0000000000000000
#
# Core dump will be written. Default location: Core dumps may be processed with "/usr/share/apport/apport -p%p -s%s -c%c -d%d -P%P -u%u -g%g -- %E" (or dumping to /home/dev/personal/face_recognition_resource_server/core.18717)
#
# If you would like to submit a bug report, please visit:
#   https://bugreport.java.com/bugreport/crash.jsp
#

---------------  S U M M A R Y ------------

Command Line: -XX:TieredStopAtLevel=1 -Dspring.output.ansi.enabled=always -Dcom.sun.management.jmxremote -Dspring.jmx.enabled=true -Dspring.liveBeansView.mbeanDomain -Dspring.application.admin.enabled=true -Dmanagement.endpoints.jmx.exposure.include=* -javaagent:/opt/idea-IU-243.22562.218/lib/idea_rt.jar=39265:/opt/idea-IU-243.22562.218/bin -Dfile.encoding=UTF-8 -Dsun.stdout.encoding=UTF-8 -Dsun.stderr.encoding=UTF-8 com.main.face_recognition_resource_server.FaceRecognitionResourceServerApplication

Host: Intel(R) Core(TM) i7-4720HQ CPU @ 2.60GHz, 8 cores, 15G, Pop!_OS 22.04 LTS
Time: Fri May 23 12:26:02 2025 PKT elapsed time: 902.056712 seconds (0d 0h 15m 2s)

---------------  T H R E A D  ---------------

Current thread is native thread

Stack: [0x00007b8a92201000,0x00007b8a92a01000],  sp=0x00007b8a929ffdf8,  free space=8187k
Native frames: <unavailable>

siginfo: si_signo: 11 (SIGSEGV), si_code: 1 (SEGV_MAPERR), si_addr: 0x00007b8aaaa59058

Registers:
RAX=0x0000000000000000, RBX=0x00007b8a92a00640, RCX=0x00007b8b5cce57f8, RDX=0x0000000000000000
RSP=0x00007b8a929ffdf0, RBP=0x00007b8a929ffe20, RSI=0x0000000000000000, RDI=0x0000000000000000
R8 =0x0000000000000000, R9 =0x00007b8b3cdf6f3f, R10=0x0000000000000000, R11=0x0000000000000293
R12=0x00007b8a92a00640, R13=0x0000000000000002, R14=0x00007b8b5cc947d0, R15=0x00007b8b3cdf6f80
RIP=0x00007b8aaaa59058, EFLAGS=0x0000000000010206, CSGSFS=0x002b000000000033, ERR=0x0000000000000014
  TRAPNO=0x000000000000000e


Top of Stack: (sp=0x00007b8a929ffdf0)
0x00007b8a929ffdf0:   0000000000000000 000001f4466b99a0
0x00007b8a929ffe00:   000001f4466b99b0 00007b8aab4c7038
0x00007b8a929ffe10:   00007b8affffffff ffffffff00000012
0x00007b8a929ffe20:   00007b8a929ffe50 00007b8aaa2c2b1e
0x00007b8a929ffe30:   0000000000000000 00007b8aab4c7000
0x00007b8a929ffe40:   00007b8aab4c7000 ffffffff00000000
0x00007b8a929ffe50:   0000000000000000 00007b8b5cc94ac3
0x00007b8a929ffe60:   0000000000000000 00007b8a92a00640
0x00007b8a929ffe70:   00007b8b3cdf6e20 5c4422abf6e00a74
0x00007b8a929ffe80:   00007b8a92a00640 0000000000000002
0x00007b8a929ffe90:   00007b8b5cc947d0 00007b8b3cdf6f80
0x00007b8a929ffea0:   ab5107940a200a74 ab529b3967620a74
0x00007b8a929ffeb0:   0000000000000000 0000000000000000
0x00007b8a929ffec0:   0000000000000000 0000000000000000
0x00007b8a929ffed0:   0000000000000000 27b854aee3bf6500
0x00007b8a929ffee0:   0000000000000000 00007b8b3cdf6e20
0x00007b8a929ffef0:   0000000000000000 00007b8b5cd26850
0x00007b8a929fff00:   0000000000000000 0000000000000000
0x00007b8a929fff10:   0000000000000000 0000000000000000
0x00007b8a929fff20:   0000000000000000 0000000000000000
0x00007b8a929fff30:   0000000000000000 0000000000000000
0x00007b8a929fff40:   0000000000000000 0000000000000000
0x00007b8a929fff50:   0000000000000000 0000000000000000
0x00007b8a929fff60:   0000000000000000 0000000000000000
0x00007b8a929fff70:   0000000000000000 0000000000000000
0x00007b8a929fff80:   0000000000000000 0000000000000000
0x00007b8a929fff90:   0000000000000000 0000000000000000
0x00007b8a929fffa0:   0000000000000000 0000000000000000
0x00007b8a929fffb0:   0000000000000000 0000000000000000
0x00007b8a929fffc0:   0000000000000000 0000000000000000
0x00007b8a929fffd0:   0000000000000000 0000000000000000
0x00007b8a929fffe0:   0000000000000000 0000000000000000 

Instructions: (pc=0x0000000000000000)
0xffffffffffffff00:   



---------------  P R O C E S S  ---------------

VM state: at safepoint (shutting down)

VM Mutex/Monitor currently owned by a thread:  ([mutex/lock_event])
[0x00007b8b5ca706f8] Threads_lock - owner thread: 0x00007b8b54164460
[0x00007b8b5ca705f8] Heap_lock - owner thread: 0x00007b8ac400a1d0

Heap address: 0x0000000707400000, size: 3980 MB, Compressed Oops mode: Zero based, Oop shift amount: 3

CDS archive(s) mapped at: [0x00007b8ae6000000-0x00007b8ae6d91000-0x00007b8ae6d91000), size 14225408, SharedBaseAddress: 0x00007b8ae6000000, ArchiveRelocationMode: 1.
Compressed class space mapped at: 0x00007b8ae7000000-0x00007b8b27000000, reserved size: 1073741824
Narrow klass base: 0x00007b8ae6000000, Narrow klass shift: 0, Narrow klass range: 0x100000000

GC Precious Log:
<Skipped>

Heap:
 garbage-first heap   total reserved 4075520K, committed 282624K, used 132902K [0x0000000707400000, 0x0000000800000000)
  region size 2048K, 29 young (59392K), 3 survivors (6144K)
 Metaspace       used 95762K, committed 97024K, reserved 1179648K
  class space    used 14676K, committed 15232K, reserved 1048576K

Heap Regions: E=young(eden), S=young(survivor), O=old, HS=humongous(starts), HC=humongous(continues), CS=collection set, F=free, TAMS=top-at-mark-start, PB=parsable bottom
|   0|0x0000000707400000, 0x0000000707600000, 0x0000000707600000|100%| O|  |TAMS 0x0000000707400000| PB 0x0000000707400000| Untracked |  0
|   1|0x0000000707600000, 0x0000000707800000, 0x0000000707800000|100%| O|  |TAMS 0x0000000707600000| PB 0x0000000707600000| Untracked |  0
|   2|0x0000000707800000, 0x0000000707a00000, 0x0000000707a00000|100%| O|  |TAMS 0x0000000707800000| PB 0x0000000707800000| Untracked |  0
|   3|0x0000000707a00000, 0x0000000707c00000, 0x0000000707c00000|100%| O|  |TAMS 0x0000000707a00000| PB 0x0000000707a00000| Untracked |  0
|   4|0x0000000707c00000, 0x0000000707c00000, 0x0000000707e00000|  0%| F|  |TAMS 0x0000000707c00000| PB 0x0000000707c00000| Untracked |  0
|   5|0x0000000707e00000, 0x0000000708000000, 0x0000000708000000|100%| O|  |TAMS 0x0000000707e00000| PB 0x0000000707e00000| Untracked |  0
|   6|0x0000000708000000, 0x0000000708200000, 0x0000000708200000|100%| O|  |TAMS 0x0000000708000000| PB 0x0000000708000000| Untracked |  0
|   7|0x0000000708200000, 0x0000000708400000, 0x0000000708400000|100%| O|  |TAMS 0x0000000708200000| PB 0x0000000708200000| Untracked |  0
|   8|0x0000000708400000, 0x0000000708600000, 0x0000000708600000|100%| O|  |TAMS 0x0000000708400000| PB 0x0000000708400000| Untracked |  0
|   9|0x0000000708600000, 0x0000000708800000, 0x0000000708800000|100%| O|  |TAMS 0x0000000708600000| PB 0x0000000708600000| Untracked |  0
|  10|0x0000000708800000, 0x0000000708a00000, 0x0000000708a00000|100%| O|  |TAMS 0x0000000708800000| PB 0x0000000708800000| Untracked |  0
|  11|0x0000000708a00000, 0x0000000708c00000, 0x0000000708c00000|100%| O|  |TAMS 0x0000000708a00000| PB 0x0000000708a00000| Untracked |  0
|  12|0x0000000708c00000, 0x0000000708e00000, 0x0000000708e00000|100%| O|  |TAMS 0x0000000708c00000| PB 0x0000000708c00000| Untracked |  0
|  13|0x0000000708e00000, 0x0000000709000000, 0x0000000709000000|100%| O|  |TAMS 0x0000000708e00000| PB 0x0000000708e00000| Untracked |  0
|  14|0x0000000709000000, 0x0000000709200000, 0x0000000709200000|100%| O|  |TAMS 0x0000000709000000| PB 0x0000000709000000| Untracked |  0
|  15|0x0000000709200000, 0x0000000709400000, 0x0000000709400000|100%| O|  |TAMS 0x0000000709200000| PB 0x0000000709200000| Untracked |  0
|  16|0x0000000709400000, 0x0000000709400000, 0x0000000709600000|  0%| F|  |TAMS 0x0000000709400000| PB 0x0000000709400000| Untracked |  0
|  17|0x0000000709600000, 0x0000000709800000, 0x0000000709800000|100%| O|Cm|TAMS 0x0000000709600000| PB 0x0000000709600000| Complete |  0
|  18|0x0000000709800000, 0x0000000709a00000, 0x0000000709a00000|100%| O|  |TAMS 0x0000000709800000| PB 0x0000000709800000| Untracked |  0
|  19|0x0000000709a00000, 0x0000000709c00000, 0x0000000709c00000|100%| O|  |TAMS 0x0000000709a00000| PB 0x0000000709a00000| Untracked |  0
|  20|0x0000000709c00000, 0x0000000709e00000, 0x0000000709e00000|100%| O|  |TAMS 0x0000000709c00000| PB 0x0000000709c00000| Untracked |  0
|  21|0x0000000709e00000, 0x000000070a000000, 0x000000070a000000|100%| O|  |TAMS 0x0000000709e00000| PB 0x0000000709e00000| Untracked |  0
|  22|0x000000070a000000, 0x000000070a200000, 0x000000070a200000|100%| O|  |TAMS 0x000000070a000000| PB 0x000000070a000000| Untracked |  0
|  23|0x000000070a200000, 0x000000070a400000, 0x000000070a400000|100%| O|  |TAMS 0x000000070a200000| PB 0x000000070a200000| Untracked |  0
|  24|0x000000070a400000, 0x000000070a600000, 0x000000070a600000|100%| O|  |TAMS 0x000000070a400000| PB 0x000000070a400000| Untracked |  0
|  25|0x000000070a600000, 0x000000070a800000, 0x000000070a800000|100%| O|  |TAMS 0x000000070a600000| PB 0x000000070a600000| Untracked |  0
|  26|0x000000070a800000, 0x000000070aa00000, 0x000000070aa00000|100%| O|  |TAMS 0x000000070a800000| PB 0x000000070a800000| Untracked |  0
|  27|0x000000070aa00000, 0x000000070ac00000, 0x000000070ac00000|100%| O|  |TAMS 0x000000070aa00000| PB 0x000000070aa00000| Untracked |  0
|  28|0x000000070ac00000, 0x000000070ae00000, 0x000000070ae00000|100%| O|  |TAMS 0x000000070ac00000| PB 0x000000070ac00000| Untracked |  0
|  29|0x000000070ae00000, 0x000000070b000000, 0x000000070b000000|100%| O|  |TAMS 0x000000070ae00000| PB 0x000000070ae00000| Untracked |  0
|  30|0x000000070b000000, 0x000000070b200000, 0x000000070b200000|100%| O|  |TAMS 0x000000070b000000| PB 0x000000070b000000| Untracked |  0
|  31|0x000000070b200000, 0x000000070b200000, 0x000000070b400000|  0%| F|  |TAMS 0x000000070b200000| PB 0x000000070b200000| Untracked |  0
|  32|0x000000070b400000, 0x000000070b400000, 0x000000070b600000|  0%| F|  |TAMS 0x000000070b400000| PB 0x000000070b400000| Untracked |  0
|  33|0x000000070b600000, 0x000000070b600000, 0x000000070b800000|  0%| F|  |TAMS 0x000000070b600000| PB 0x000000070b600000| Untracked |  0
|  34|0x000000070b800000, 0x000000070b800000, 0x000000070ba00000|  0%| F|  |TAMS 0x000000070b800000| PB 0x000000070b800000| Untracked |  0
|  35|0x000000070ba00000, 0x000000070ba00000, 0x000000070bc00000|  0%| F|  |TAMS 0x000000070ba00000| PB 0x000000070ba00000| Untracked |  0
|  36|0x000000070bc00000, 0x000000070be00000, 0x000000070be00000|100%| O|  |TAMS 0x000000070bc00000| PB 0x000000070bc00000| Untracked |  0
|  37|0x000000070be00000, 0x000000070be00000, 0x000000070c000000|  0%| F|  |TAMS 0x000000070be00000| PB 0x000000070be00000| Untracked |  0
|  38|0x000000070c000000, 0x000000070c200000, 0x000000070c200000|100%| O|Cm|TAMS 0x000000070c000000| PB 0x000000070c000000| Complete |  0
|  39|0x000000070c200000, 0x000000070c200000, 0x000000070c400000|  0%| F|  |TAMS 0x000000070c200000| PB 0x000000070c200000| Untracked |  0
|  40|0x000000070c400000, 0x000000070c400000, 0x000000070c600000|  0%| F|  |TAMS 0x000000070c400000| PB 0x000000070c400000| Untracked |  0
|  41|0x000000070c600000, 0x000000070c600000, 0x000000070c800000|  0%| F|  |TAMS 0x000000070c600000| PB 0x000000070c600000| Untracked |  0
|  42|0x000000070c800000, 0x000000070ca00000, 0x000000070ca00000|100%| O|  |TAMS 0x000000070c800000| PB 0x000000070c800000| Untracked |  0
|  43|0x000000070ca00000, 0x000000070ca00000, 0x000000070cc00000|  0%| F|  |TAMS 0x000000070ca00000| PB 0x000000070ca00000| Untracked |  0
|  44|0x000000070cc00000, 0x000000070ce00000, 0x000000070ce00000|100%| O|Cm|TAMS 0x000000070cc00000| PB 0x000000070cc00000| Complete |  0
|  45|0x000000070ce00000, 0x000000070d000000, 0x000000070d000000|100%| O|  |TAMS 0x000000070ce00000| PB 0x000000070ce00000| Untracked |  0
|  46|0x000000070d000000, 0x000000070d200000, 0x000000070d200000|100%| O|  |TAMS 0x000000070d000000| PB 0x000000070d000000| Untracked |  0
|  47|0x000000070d200000, 0x000000070d400000, 0x000000070d400000|100%| O|  |TAMS 0x000000070d200000| PB 0x000000070d200000| Untracked |  0
|  48|0x000000070d400000, 0x000000070d5ed800, 0x000000070d600000| 96%| O|  |TAMS 0x000000070d400000| PB 0x000000070d400000| Untracked |  0
|  49|0x000000070d600000, 0x000000070d600000, 0x000000070d800000|  0%| F|  |TAMS 0x000000070d600000| PB 0x000000070d600000| Untracked |  0
|  50|0x000000070d800000, 0x000000070d800000, 0x000000070da00000|  0%| F|  |TAMS 0x000000070d800000| PB 0x000000070d800000| Untracked |  0
|  51|0x000000070da00000, 0x000000070da00000, 0x000000070dc00000|  0%| F|  |TAMS 0x000000070da00000| PB 0x000000070da00000| Untracked |  0
|  52|0x000000070dc00000, 0x000000070dc00000, 0x000000070de00000|  0%| F|  |TAMS 0x000000070dc00000| PB 0x000000070dc00000| Untracked |  0
|  53|0x000000070de00000, 0x000000070de00000, 0x000000070e000000|  0%| F|  |TAMS 0x000000070de00000| PB 0x000000070de00000| Untracked |  0
|  54|0x000000070e000000, 0x000000070e000000, 0x000000070e200000|  0%| F|  |TAMS 0x000000070e000000| PB 0x000000070e000000| Untracked |  0
|  55|0x000000070e200000, 0x000000070e200000, 0x000000070e400000|  0%| F|  |TAMS 0x000000070e200000| PB 0x000000070e200000| Untracked |  0
|  56|0x000000070e400000, 0x000000070e400000, 0x000000070e600000|  0%| F|  |TAMS 0x000000070e400000| PB 0x000000070e400000| Untracked |  0
|  57|0x000000070e600000, 0x000000070e600000, 0x000000070e800000|  0%| F|  |TAMS 0x000000070e600000| PB 0x000000070e600000| Untracked |  0
|  58|0x000000070e800000, 0x000000070e800000, 0x000000070ea00000|  0%| F|  |TAMS 0x000000070e800000| PB 0x000000070e800000| Untracked |  0
|  59|0x000000070ea00000, 0x000000070ea00000, 0x000000070ec00000|  0%| F|  |TAMS 0x000000070ea00000| PB 0x000000070ea00000| Untracked |  0
|  60|0x000000070ec00000, 0x000000070ec00000, 0x000000070ee00000|  0%| F|  |TAMS 0x000000070ec00000| PB 0x000000070ec00000| Untracked |  0
|  61|0x000000070ee00000, 0x000000070ee00000, 0x000000070f000000|  0%| F|  |TAMS 0x000000070ee00000| PB 0x000000070ee00000| Untracked |  0
|  62|0x000000070f000000, 0x000000070f000000, 0x000000070f200000|  0%| F|  |TAMS 0x000000070f000000| PB 0x000000070f000000| Untracked |  0
|  63|0x000000070f200000, 0x000000070f200000, 0x000000070f400000|  0%| F|  |TAMS 0x000000070f200000| PB 0x000000070f200000| Untracked |  0
|  64|0x000000070f400000, 0x000000070f400000, 0x000000070f600000|  0%| F|  |TAMS 0x000000070f400000| PB 0x000000070f400000| Untracked |  0
|  65|0x000000070f600000, 0x000000070f600000, 0x000000070f800000|  0%| F|  |TAMS 0x000000070f600000| PB 0x000000070f600000| Untracked |  0
|  66|0x000000070f800000, 0x000000070f800000, 0x000000070fa00000|  0%| F|  |TAMS 0x000000070f800000| PB 0x000000070f800000| Untracked |  0
|  67|0x000000070fa00000, 0x000000070fa00000, 0x000000070fc00000|  0%| F|  |TAMS 0x000000070fa00000| PB 0x000000070fa00000| Untracked |  0
|  68|0x000000070fc00000, 0x000000070fc00000, 0x000000070fe00000|  0%| F|  |TAMS 0x000000070fc00000| PB 0x000000070fc00000| Untracked |  0
|  69|0x000000070fe00000, 0x000000070fe00000, 0x0000000710000000|  0%| F|  |TAMS 0x000000070fe00000| PB 0x000000070fe00000| Untracked |  0
|  70|0x0000000710000000, 0x00000007101dc358, 0x0000000710200000| 93%| S|CS|TAMS 0x0000000710000000| PB 0x0000000710000000| Complete |  0
|  71|0x0000000710200000, 0x0000000710400000, 0x0000000710400000|100%| S|CS|TAMS 0x0000000710200000| PB 0x0000000710200000| Complete |  0
|  72|0x0000000710400000, 0x0000000710600000, 0x0000000710600000|100%| S|CS|TAMS 0x0000000710400000| PB 0x0000000710400000| Complete |  0
|  73|0x0000000710600000, 0x0000000710600000, 0x0000000710800000|  0%| F|  |TAMS 0x0000000710600000| PB 0x0000000710600000| Untracked |  0
|  74|0x0000000710800000, 0x0000000710800000, 0x0000000710a00000|  0%| F|  |TAMS 0x0000000710800000| PB 0x0000000710800000| Untracked |  0
|  75|0x0000000710a00000, 0x0000000710a00000, 0x0000000710c00000|  0%| F|  |TAMS 0x0000000710a00000| PB 0x0000000710a00000| Untracked |  0
|  76|0x0000000710c00000, 0x0000000710c00000, 0x0000000710e00000|  0%| F|  |TAMS 0x0000000710c00000| PB 0x0000000710c00000| Untracked |  0
|  77|0x0000000710e00000, 0x0000000710e00000, 0x0000000711000000|  0%| F|  |TAMS 0x0000000710e00000| PB 0x0000000710e00000| Untracked |  0
|  78|0x0000000711000000, 0x0000000711000000, 0x0000000711200000|  0%| F|  |TAMS 0x0000000711000000| PB 0x0000000711000000| Untracked |  0
|  79|0x0000000711200000, 0x0000000711200000, 0x0000000711400000|  0%| F|  |TAMS 0x0000000711200000| PB 0x0000000711200000| Untracked |  0
|  80|0x0000000711400000, 0x0000000711400000, 0x0000000711600000|  0%| F|  |TAMS 0x0000000711400000| PB 0x0000000711400000| Untracked |  0
|  81|0x0000000711600000, 0x0000000711600000, 0x0000000711800000|  0%| F|  |TAMS 0x0000000711600000| PB 0x0000000711600000| Untracked |  0
|  82|0x0000000711800000, 0x0000000711800000, 0x0000000711a00000|  0%| F|  |TAMS 0x0000000711800000| PB 0x0000000711800000| Untracked |  0
|  83|0x0000000711a00000, 0x0000000711a00000, 0x0000000711c00000|  0%| F|  |TAMS 0x0000000711a00000| PB 0x0000000711a00000| Untracked |  0
|  84|0x0000000711c00000, 0x0000000711c00000, 0x0000000711e00000|  0%| F|  |TAMS 0x0000000711c00000| PB 0x0000000711c00000| Untracked |  0
|  85|0x0000000711e00000, 0x0000000711e00000, 0x0000000712000000|  0%| F|  |TAMS 0x0000000711e00000| PB 0x0000000711e00000| Untracked |  0
|  86|0x0000000712000000, 0x0000000712000000, 0x0000000712200000|  0%| F|  |TAMS 0x0000000712000000| PB 0x0000000712000000| Untracked |  0
|  87|0x0000000712200000, 0x0000000712200000, 0x0000000712400000|  0%| F|  |TAMS 0x0000000712200000| PB 0x0000000712200000| Untracked |  0
|  88|0x0000000712400000, 0x0000000712400000, 0x0000000712600000|  0%| F|  |TAMS 0x0000000712400000| PB 0x0000000712400000| Untracked |  0
|  89|0x0000000712600000, 0x0000000712600000, 0x0000000712800000|  0%| F|  |TAMS 0x0000000712600000| PB 0x0000000712600000| Untracked |  0
|  90|0x0000000712800000, 0x0000000712800000, 0x0000000712a00000|  0%| F|  |TAMS 0x0000000712800000| PB 0x0000000712800000| Untracked |  0
|  91|0x0000000712a00000, 0x0000000712a00000, 0x0000000712c00000|  0%| F|  |TAMS 0x0000000712a00000| PB 0x0000000712a00000| Untracked |  0
|  92|0x0000000712c00000, 0x0000000712c00000, 0x0000000712e00000|  0%| F|  |TAMS 0x0000000712c00000| PB 0x0000000712c00000| Untracked |  0
|  93|0x0000000712e00000, 0x0000000712e00000, 0x0000000713000000|  0%| F|  |TAMS 0x0000000712e00000| PB 0x0000000712e00000| Untracked |  0
|  94|0x0000000713000000, 0x0000000713000000, 0x0000000713200000|  0%| F|  |TAMS 0x0000000713000000| PB 0x0000000713000000| Untracked |  0
|  95|0x0000000713200000, 0x0000000713200000, 0x0000000713400000|  0%| F|  |TAMS 0x0000000713200000| PB 0x0000000713200000| Untracked |  0
|  96|0x0000000713400000, 0x0000000713400000, 0x0000000713600000|  0%| F|  |TAMS 0x0000000713400000| PB 0x0000000713400000| Untracked |  0
|  97|0x0000000713600000, 0x0000000713600000, 0x0000000713800000|  0%| F|  |TAMS 0x0000000713600000| PB 0x0000000713600000| Untracked |  0
|  98|0x0000000713800000, 0x0000000713800000, 0x0000000713a00000|  0%| F|  |TAMS 0x0000000713800000| PB 0x0000000713800000| Untracked |  0
|  99|0x0000000713a00000, 0x0000000713a00000, 0x0000000713c00000|  0%| F|  |TAMS 0x0000000713a00000| PB 0x0000000713a00000| Untracked |  0
| 100|0x0000000713c00000, 0x0000000713c00000, 0x0000000713e00000|  0%| F|  |TAMS 0x0000000713c00000| PB 0x0000000713c00000| Untracked |  0
| 101|0x0000000713e00000, 0x0000000713e00000, 0x0000000714000000|  0%| F|  |TAMS 0x0000000713e00000| PB 0x0000000713e00000| Untracked |  0
| 102|0x0000000714000000, 0x0000000714000000, 0x0000000714200000|  0%| F|  |TAMS 0x0000000714000000| PB 0x0000000714000000| Untracked |  0
| 103|0x0000000714200000, 0x0000000714200000, 0x0000000714400000|  0%| F|  |TAMS 0x0000000714200000| PB 0x0000000714200000| Untracked |  0
| 104|0x0000000714400000, 0x0000000714400000, 0x0000000714600000|  0%| F|  |TAMS 0x0000000714400000| PB 0x0000000714400000| Untracked |  0
| 105|0x0000000714600000, 0x0000000714600000, 0x0000000714800000|  0%| F|  |TAMS 0x0000000714600000| PB 0x0000000714600000| Untracked |  0
| 106|0x0000000714800000, 0x0000000714800000, 0x0000000714a00000|  0%| F|  |TAMS 0x0000000714800000| PB 0x0000000714800000| Untracked |  0
| 107|0x0000000714a00000, 0x0000000714a00000, 0x0000000714c00000|  0%| F|  |TAMS 0x0000000714a00000| PB 0x0000000714a00000| Untracked |  0
| 108|0x0000000714c00000, 0x0000000714c00000, 0x0000000714e00000|  0%| F|  |TAMS 0x0000000714c00000| PB 0x0000000714c00000| Untracked |  0
| 109|0x0000000714e00000, 0x0000000714e00000, 0x0000000715000000|  0%| F|  |TAMS 0x0000000714e00000| PB 0x0000000714e00000| Untracked |  0
| 110|0x0000000715000000, 0x0000000715000000, 0x0000000715200000|  0%| F|  |TAMS 0x0000000715000000| PB 0x0000000715000000| Untracked |  0
| 111|0x0000000715200000, 0x0000000715200000, 0x0000000715400000|  0%| F|  |TAMS 0x0000000715200000| PB 0x0000000715200000| Untracked |  0
| 112|0x0000000715400000, 0x0000000715474ca8, 0x0000000715600000| 22%| E|  |TAMS 0x0000000715400000| PB 0x0000000715400000| Complete |  0
| 113|0x0000000715600000, 0x0000000715800000, 0x0000000715800000|100%| E|CS|TAMS 0x0000000715600000| PB 0x0000000715600000| Complete |  0
| 114|0x0000000715800000, 0x0000000715a00000, 0x0000000715a00000|100%| E|CS|TAMS 0x0000000715800000| PB 0x0000000715800000| Complete |  0
| 115|0x0000000715a00000, 0x0000000715c00000, 0x0000000715c00000|100%| E|CS|TAMS 0x0000000715a00000| PB 0x0000000715a00000| Complete |  0
| 116|0x0000000715c00000, 0x0000000715e00000, 0x0000000715e00000|100%| E|CS|TAMS 0x0000000715c00000| PB 0x0000000715c00000| Complete |  0
| 117|0x0000000715e00000, 0x0000000716000000, 0x0000000716000000|100%| E|CS|TAMS 0x0000000715e00000| PB 0x0000000715e00000| Complete |  0
| 118|0x0000000716000000, 0x0000000716200000, 0x0000000716200000|100%| E|CS|TAMS 0x0000000716000000| PB 0x0000000716000000| Complete |  0
| 119|0x0000000716200000, 0x0000000716400000, 0x0000000716400000|100%| E|CS|TAMS 0x0000000716200000| PB 0x0000000716200000| Complete |  0
| 120|0x0000000716400000, 0x0000000716600000, 0x0000000716600000|100%| E|CS|TAMS 0x0000000716400000| PB 0x0000000716400000| Complete |  0
| 121|0x0000000716600000, 0x0000000716800000, 0x0000000716800000|100%| E|CS|TAMS 0x0000000716600000| PB 0x0000000716600000| Complete |  0
| 122|0x0000000716800000, 0x0000000716a00000, 0x0000000716a00000|100%| E|CS|TAMS 0x0000000716800000| PB 0x0000000716800000| Complete |  0
| 123|0x0000000716a00000, 0x0000000716c00000, 0x0000000716c00000|100%| E|CS|TAMS 0x0000000716a00000| PB 0x0000000716a00000| Complete |  0
| 124|0x0000000716c00000, 0x0000000716e00000, 0x0000000716e00000|100%| E|CS|TAMS 0x0000000716c00000| PB 0x0000000716c00000| Complete |  0
| 125|0x0000000716e00000, 0x0000000717000000, 0x0000000717000000|100%| E|CS|TAMS 0x0000000716e00000| PB 0x0000000716e00000| Complete |  0
| 126|0x0000000717000000, 0x0000000717200000, 0x0000000717200000|100%| E|CS|TAMS 0x0000000717000000| PB 0x0000000717000000| Complete |  0
| 127|0x0000000717200000, 0x0000000717400000, 0x0000000717400000|100%| E|CS|TAMS 0x0000000717200000| PB 0x0000000717200000| Complete |  0
| 128|0x0000000717400000, 0x0000000717600000, 0x0000000717600000|100%| E|CS|TAMS 0x0000000717400000| PB 0x0000000717400000| Complete |  0
| 129|0x0000000717600000, 0x0000000717800000, 0x0000000717800000|100%| E|CS|TAMS 0x0000000717600000| PB 0x0000000717600000| Complete |  0
| 130|0x0000000717800000, 0x0000000717a00000, 0x0000000717a00000|100%| E|CS|TAMS 0x0000000717800000| PB 0x0000000717800000| Complete |  0
| 131|0x0000000717a00000, 0x0000000717c00000, 0x0000000717c00000|100%| E|CS|TAMS 0x0000000717a00000| PB 0x0000000717a00000| Complete |  0
| 132|0x0000000717c00000, 0x0000000717e00000, 0x0000000717e00000|100%| E|CS|TAMS 0x0000000717c00000| PB 0x0000000717c00000| Complete |  0
| 133|0x0000000717e00000, 0x0000000718000000, 0x0000000718000000|100%| E|CS|TAMS 0x0000000717e00000| PB 0x0000000717e00000| Complete |  0
|1986|0x00000007ff800000, 0x00000007ffa00000, 0x00000007ffa00000|100%| E|CS|TAMS 0x00000007ff800000| PB 0x00000007ff800000| Complete |  0
|1987|0x00000007ffa00000, 0x00000007ffc00000, 0x00000007ffc00000|100%| E|CS|TAMS 0x00000007ffa00000| PB 0x00000007ffa00000| Complete |  0
|1988|0x00000007ffc00000, 0x00000007ffe00000, 0x00000007ffe00000|100%| E|CS|TAMS 0x00000007ffc00000| PB 0x00000007ffc00000| Complete |  0
|1989|0x00000007ffe00000, 0x0000000800000000, 0x0000000800000000|100%| E|CS|TAMS 0x00000007ffe00000| PB 0x00000007ffe00000| Complete |  0

Card table byte_map: [0x00007b8b4a400000,0x00007b8b4abc6000] _byte_map_base: 0x00007b8b46bc6000

Marking Bits: (CMBitMap*) 0x00007b8b54097830
 Bits: [0x00007b8b46400000, 0x00007b8b4a230000)

Polling page: 0x00007b8b5d032000

Metaspace:

Usage:
  Non-class:     79.19 MB used.
      Class:     14.33 MB used.
       Both:     93.52 MB used.

Virtual space:
  Non-class space:      128.00 MB reserved,      79.88 MB ( 62%) committed,  2 nodes.
      Class space:        1.00 GB reserved,      14.88 MB (  1%) committed,  1 nodes.
             Both:        1.12 GB reserved,      94.75 MB (  8%) committed. 

Chunk freelists:
   Non-Class:  15.97 MB
       Class:  1.14 MB
        Both:  17.11 MB

MaxMetaspaceSize: unlimited
CompressedClassSpaceSize: 1.00 GB
Initial GC threshold: 21.00 MB
Current GC threshold: 153.88 MB
CDS: on
 - commit_granule_bytes: 65536.
 - commit_granule_words: 8192.
 - virtual_space_node_default_size: 8388608.
 - enlarge_chunks_in_place: 1.
 - use_allocation_guard: 0.


Internal statistics:

num_allocs_failed_limit: 18.
num_arena_births: 1876.
num_arena_deaths: 0.
num_vsnodes_births: 3.
num_vsnodes_deaths: 0.
num_space_committed: 1515.
num_space_uncommitted: 0.
num_chunks_returned_to_freelist: 18.
num_chunks_taken_from_freelist: 5431.
num_chunk_merges: 18.
num_chunk_splits: 3879.
num_chunks_enlarged: 2896.
num_inconsistent_stats: 0.

CodeCache: size=49152Kb used=15730Kb max_used=16232Kb free=33421Kb
 bounds [0x00007b8b58600000, 0x00007b8b59650000, 0x00007b8b5b600000]
 total_blobs=12398, nmethods=11564, adapters=759, full_count=0
Compilation: enabled, stopped_count=0, restarted_count=0

Compilation events (20 events):
Event: 901.744 Thread 0x00007b8b54174dc0 nmethod 12358 0x00007b8b59591b88 code [0x00007b8b59591ca0, 0x00007b8b59591e58]
Event: 901.744 Thread 0x00007b8b54174dc0 12359       1       org.apache.catalina.loader.WebappClassLoaderBase::loadClass (7 bytes)
Event: 901.744 Thread 0x00007b8b54174dc0 nmethod 12359 0x00007b8b59591888 code [0x00007b8b595919a0, 0x00007b8b59591a90]
Event: 901.744 Thread 0x00007b8b54174dc0 12360   !   1       org.springframework.boot.web.embedded.tomcat.TomcatEmbeddedWebappClassLoader::loadClass (73 bytes)
Event: 901.744 Thread 0x00007b8b54174dc0 nmethod 12360 0x00007b8b59591088 code [0x00007b8b59591220, 0x00007b8b595917d0]
Event: 901.744 Thread 0x00007b8b54174dc0 12361       1       org.springframework.boot.web.embedded.tomcat.TomcatEmbeddedWebappClassLoader::findExistingLoadedClass (28 bytes)
Event: 901.745 Thread 0x00007b8b54174dc0 nmethod 12361 0x00007b8b59590c08 code [0x00007b8b59590d60, 0x00007b8b59590fe8]
Event: 901.745 Thread 0x00007b8b54174dc0 12362       1       org.apache.catalina.loader.WebappClassLoaderBase::findLoadedClass0 (32 bytes)
Event: 901.745 Thread 0x00007b8b54174dc0 nmethod 12362 0x00007b8b59590888 code [0x00007b8b595909c0, 0x00007b8b59590be0]
Event: 901.745 Thread 0x00007b8b54174dc0 12363       1       org.springframework.boot.web.embedded.tomcat.TomcatEmbeddedWebappClassLoader::doLoadClass (56 bytes)
Event: 901.745 Thread 0x00007b8b54174dc0 nmethod 12363 0x00007b8b59590388 code [0x00007b8b595904e0, 0x00007b8b59590830]
Event: 901.745 Thread 0x00007b8b54174dc0 12365       1       ch.qos.logback.classic.Logger::recursiveReset (58 bytes)
Event: 901.746 Thread 0x00007b8b54174dc0 nmethod 12365 0x00007b8b5958fe88 code [0x00007b8b59590000, 0x00007b8b59590320]
Event: 901.746 Thread 0x00007b8b54174dc0 12366       1       ch.qos.logback.classic.Logger::detachAndStopAllAppenders (15 bytes)
Event: 901.746 Thread 0x00007b8b54174dc0 nmethod 12366 0x00007b8b5958fb88 code [0x00007b8b5958fca0, 0x00007b8b5958fd98]
Event: 901.746 Thread 0x00007b8b54174dc0 12367       1       ch.qos.logback.classic.Logger::localLevelReset (30 bytes)
Event: 901.746 Thread 0x00007b8b54174dc0 nmethod 12367 0x00007b8b5958f888 code [0x00007b8b5958f9a0, 0x00007b8b5958fb48]
Event: 901.746 Thread 0x00007b8b54174dc0 12368       1       ch.qos.logback.classic.Logger::isRootLogger (13 bytes)
Event: 901.746 Thread 0x00007b8b54174dc0 nmethod 12368 0x00007b8b5958f588 code [0x00007b8b5958f6a0, 0x00007b8b5958f778]
Event: 901.746 Thread 0x00007b8b54174dc0 12364  s    1       org.apache.catalina.util.LifecycleBase::setStateInternal (144 bytes)

GC Heap History (20 events):
Event: 11.942 GC heap before
{Heap before GC invocations=28 (full 0):
 garbage-first heap   total reserved 4075520K, committed 139264K, used 120288K [0x0000000707400000, 0x0000000800000000)
  region size 2048K, 24 young (49152K), 4 survivors (8192K)
 Metaspace       used 77246K, committed 78016K, reserved 1179648K
  class space    used 11595K, committed 11904K, reserved 1048576K
}
Event: 11.950 GC heap after
{Heap after GC invocations=29 (full 0):
 garbage-first heap   total reserved 4075520K, committed 225280K, used 88337K [0x0000000707400000, 0x0000000800000000)
  region size 2048K, 3 young (6144K), 3 survivors (6144K)
 Metaspace       used 77246K, committed 78016K, reserved 1179648K
  class space    used 11595K, committed 11904K, reserved 1048576K
}
Event: 12.186 GC heap before
{Heap before GC invocations=30 (full 0):
 garbage-first heap   total reserved 4075520K, committed 225280K, used 170257K [0x0000000707400000, 0x0000000800000000)
  region size 2048K, 43 young (88064K), 3 survivors (6144K)
 Metaspace       used 77248K, committed 78016K, reserved 1179648K
  class space    used 11595K, committed 11904K, reserved 1048576K
}
Event: 12.194 GC heap after
{Heap after GC invocations=31 (full 0):
 garbage-first heap   total reserved 4075520K, committed 225280K, used 96517K [0x0000000707400000, 0x0000000800000000)
  region size 2048K, 6 young (12288K), 6 survivors (12288K)
 Metaspace       used 77248K, committed 78016K, reserved 1179648K
  class space    used 11595K, committed 11904K, reserved 1048576K
}
Event: 12.373 GC heap before
{Heap before GC invocations=31 (full 0):
 garbage-first heap   total reserved 4075520K, committed 225280K, used 172293K [0x0000000707400000, 0x0000000800000000)
  region size 2048K, 43 young (88064K), 6 survivors (12288K)
 Metaspace       used 77249K, committed 78016K, reserved 1179648K
  class space    used 11595K, committed 11904K, reserved 1048576K
}
Event: 12.382 GC heap after
{Heap after GC invocations=32 (full 0):
 garbage-first heap   total reserved 4075520K, committed 225280K, used 98965K [0x0000000707400000, 0x0000000800000000)
  region size 2048K, 3 young (6144K), 3 survivors (6144K)
 Metaspace       used 77249K, committed 78016K, reserved 1179648K
  class space    used 11595K, committed 11904K, reserved 1048576K
}
Event: 12.650 GC heap before
{Heap before GC invocations=32 (full 0):
 garbage-first heap   total reserved 4075520K, committed 225280K, used 178837K [0x0000000707400000, 0x0000000800000000)
  region size 2048K, 42 young (86016K), 3 survivors (6144K)
 Metaspace       used 77669K, committed 78400K, reserved 1179648K
  class space    used 11651K, committed 11968K, reserved 1048576K
}
Event: 12.653 GC heap after
{Heap after GC invocations=33 (full 0):
 garbage-first heap   total reserved 4075520K, committed 225280K, used 98525K [0x0000000707400000, 0x0000000800000000)
  region size 2048K, 3 young (6144K), 3 survivors (6144K)
 Metaspace       used 77669K, committed 78400K, reserved 1179648K
  class space    used 11651K, committed 11968K, reserved 1048576K
}
Event: 13.315 GC heap before
{Heap before GC invocations=33 (full 0):
 garbage-first heap   total reserved 4075520K, committed 225280K, used 182493K [0x0000000707400000, 0x0000000800000000)
  region size 2048K, 44 young (90112K), 3 survivors (6144K)
 Metaspace       used 78859K, committed 79680K, reserved 1179648K
  class space    used 11836K, committed 12160K, reserved 1048576K
}
Event: 13.321 GC heap after
{Heap after GC invocations=34 (full 0):
 garbage-first heap   total reserved 4075520K, committed 225280K, used 100036K [0x0000000707400000, 0x0000000800000000)
  region size 2048K, 4 young (8192K), 4 survivors (8192K)
 Metaspace       used 78859K, committed 79680K, reserved 1179648K
  class space    used 11836K, committed 12160K, reserved 1048576K
}
Event: 14.166 GC heap before
{Heap before GC invocations=34 (full 0):
 garbage-first heap   total reserved 4075520K, committed 225280K, used 186052K [0x0000000707400000, 0x0000000800000000)
  region size 2048K, 46 young (94208K), 4 survivors (8192K)
 Metaspace       used 83244K, committed 84160K, reserved 1179648K
  class space    used 12660K, committed 13056K, reserved 1048576K
}
Event: 14.173 GC heap after
{Heap after GC invocations=35 (full 0):
 garbage-first heap   total reserved 4075520K, committed 225280K, used 104058K [0x0000000707400000, 0x0000000800000000)
  region size 2048K, 6 young (12288K), 6 survivors (12288K)
 Metaspace       used 83244K, committed 84160K, reserved 1179648K
  class space    used 12660K, committed 13056K, reserved 1048576K
}
Event: 15.011 GC heap before
{Heap before GC invocations=35 (full 0):
 garbage-first heap   total reserved 4075520K, committed 225280K, used 190074K [0x0000000707400000, 0x0000000800000000)
  region size 2048K, 48 young (98304K), 6 survivors (12288K)
 Metaspace       used 86468K, committed 87360K, reserved 1179648K
  class space    used 13176K, committed 13568K, reserved 1048576K
}
Event: 15.021 GC heap after
{Heap after GC invocations=36 (full 0):
 garbage-first heap   total reserved 4075520K, committed 225280K, used 108184K [0x0000000707400000, 0x0000000800000000)
  region size 2048K, 5 young (10240K), 5 survivors (10240K)
 Metaspace       used 86468K, committed 87360K, reserved 1179648K
  class space    used 13176K, committed 13568K, reserved 1048576K
}
Event: 27.024 GC heap before
{Heap before GC invocations=36 (full 0):
 garbage-first heap   total reserved 4075520K, committed 225280K, used 196248K [0x0000000707400000, 0x0000000800000000)
  region size 2048K, 48 young (98304K), 5 survivors (10240K)
 Metaspace       used 93338K, committed 94464K, reserved 1179648K
  class space    used 14249K, committed 14720K, reserved 1048576K
}
Event: 27.035 GC heap after
{Heap after GC invocations=37 (full 0):
 garbage-first heap   total reserved 4075520K, committed 282624K, used 111548K [0x0000000707400000, 0x0000000800000000)
  region size 2048K, 4 young (8192K), 4 survivors (8192K)
 Metaspace       used 93338K, committed 94464K, reserved 1179648K
  class space    used 14249K, committed 14720K, reserved 1048576K
}
Event: 360.504 GC heap before
{Heap before GC invocations=38 (full 0):
 garbage-first heap   total reserved 4075520K, committed 282624K, used 218044K [0x0000000707400000, 0x0000000800000000)
  region size 2048K, 60 young (122880K), 4 survivors (8192K)
 Metaspace       used 95554K, committed 96768K, reserved 1179648K
  class space    used 14630K, committed 15104K, reserved 1048576K
}
Event: 360.512 GC heap after
{Heap after GC invocations=39 (full 0):
 garbage-first heap   total reserved 4075520K, committed 282624K, used 107218K [0x0000000707400000, 0x0000000800000000)
  region size 2048K, 5 young (10240K), 5 survivors (10240K)
 Metaspace       used 95554K, committed 96768K, reserved 1179648K
  class space    used 14630K, committed 15104K, reserved 1048576K
}
Event: 758.365 GC heap before
{Heap before GC invocations=39 (full 0):
 garbage-first heap   total reserved 4075520K, committed 282624K, used 226002K [0x0000000707400000, 0x0000000800000000)
  region size 2048K, 63 young (129024K), 5 survivors (10240K)
 Metaspace       used 95619K, committed 96832K, reserved 1179648K
  class space    used 14641K, committed 15168K, reserved 1048576K
}
Event: 758.383 GC heap after
{Heap after GC invocations=40 (full 0):
 garbage-first heap   total reserved 4075520K, committed 282624K, used 81702K [0x0000000707400000, 0x0000000800000000)
  region size 2048K, 3 young (6144K), 3 survivors (6144K)
 Metaspace       used 95619K, committed 96832K, reserved 1179648K
  class space    used 14641K, committed 15168K, reserved 1048576K
}

Dll operation events (12 events):
Event: 0.002 Loaded shared library /usr/lib/jvm/jdk-23.0.1-oracle-x64/lib/libjava.so
Event: 0.073 Loaded shared library /usr/lib/jvm/jdk-23.0.1-oracle-x64/lib/libzip.so
Event: 0.075 Loaded shared library /usr/lib/jvm/jdk-23.0.1-oracle-x64/lib/libinstrument.so
Event: 0.078 Loaded shared library /usr/lib/jvm/jdk-23.0.1-oracle-x64/lib/libnio.so
Event: 0.081 Loaded shared library /usr/lib/jvm/jdk-23.0.1-oracle-x64/lib/libzip.so
Event: 0.172 Loaded shared library /usr/lib/jvm/jdk-23.0.1-oracle-x64/lib/libnet.so
Event: 0.174 Loaded shared library /usr/lib/jvm/jdk-23.0.1-oracle-x64/lib/libjimage.so
Event: 0.177 Loaded shared library /usr/lib/jvm/jdk-23.0.1-oracle-x64/lib/libextnet.so
Event: 0.188 Loaded shared library /usr/lib/jvm/jdk-23.0.1-oracle-x64/lib/libmanagement.so
Event: 0.199 Loaded shared library /usr/lib/jvm/jdk-23.0.1-oracle-x64/lib/libmanagement_ext.so
Event: 8.151 Loaded shared library /usr/lib/jvm/jdk-23.0.1-oracle-x64/lib/libverify.so
Event: 13.531 Loaded shared library /home/dev/.cache/JNA/temp/jna11056345592932850689.tmp

Deoptimization events (20 events):
Event: 13.596 Thread 0x00007b8a80002360 DEOPT PACKING pc=0x00007b8b58bca374 sp=0x00007b8b3d6fe330
Event: 13.596 Thread 0x00007b8a80002360 DEOPT UNPACKING pc=0x00007b8b5865430f sp=0x00007b8b3d6fd888 mode 0
Event: 15.427 Thread 0x00007b8a4c0030a0 DEOPT PACKING pc=0x00007b8b5901e856 sp=0x00007b8b3cdf9040
Event: 15.427 Thread 0x00007b8a4c0030a0 DEOPT UNPACKING pc=0x00007b8b5865430f sp=0x00007b8b3cdf8538 mode 3
Event: 15.953 Thread 0x00007b8a80004a10 DEOPT PACKING pc=0x00007b8b5943ff7c sp=0x00007b8b3cdf7210
Event: 15.953 