#
# A fatal error has been detected by the Java Runtime Environment:
#
#  SIGSEGV (0xb) at pc=0x0000767147259e12, pid=26752, tid=26925
#
# JRE version: Java(TM) SE Runtime Environment (23.0.1+11) (build 23.0.1+11-39)
# Java VM: Java HotSpot(TM) 64-Bit Server VM (23.0.1+11-39, mixed mode, emulated-client, sharing, tiered, compressed oops, compressed class ptrs, g1 gc, linux-amd64)
# Problematic frame:
# C  0x000076012dfffd90
#
# Core dump will be written. Default location: Core dumps may be processed with "/usr/share/apport/apport -p%p -s%s -c%c -d%d -P%P -u%u -g%g -- %E" (or dumping to /home/dev/personal/face_recognition_resource_server/core.26752)
#
# If you would like to submit a bug report, please visit:
#   https://bugreport.java.com/bugreport/crash.jsp
#

---------------  S U M M A R Y ------------

Command Line: -XX:TieredStopAtLevel=1 -Dspring.output.ansi.enabled=always -Dcom.sun.management.jmxremote -Dspring.jmx.enabled=true -Dspring.liveBeansView.mbeanDomain -Dspring.application.admin.enabled=true -Dmanagement.endpoints.jmx.exposure.include=* -javaagent:/opt/idea-IU-243.22562.218/lib/idea_rt.jar=41599:/opt/idea-IU-243.22562.218/bin -Dfile.encoding=UTF-8 -Dsun.stdout.encoding=UTF-8 -Dsun.stderr.encoding=UTF-8 com.main.face_recognition_resource_server.FaceRecognitionResourceServerApplication

Host: Intel(R) Core(TM) i7-4720HQ CPU @ 2.60GHz, 8 cores, 15G, Pop!_OS 22.04 LTS
Time: Fri May 23 12:54:52 2025 PKT elapsed time: 650.009278 seconds (0d 0h 10m 50s)

---------------  T H R E A D  ---------------

Current thread is native thread

Stack: [0x000076712d801000,0x000076712e001000],  sp=0x000076712dfffd78,  free space=8187k
Native frames: (J=compiled Java code, j=interpreted, Vv=VM code, C=native code)
C  0x000076012dfffd90
C  0x0000767146ac92d4
C  0x0000767146ac2d10

siginfo: si_signo: 11 (SIGSEGV), si_code: 1 (SEGV_MAPERR), si_addr: 0x0000000000000058

Registers:
RAX=0x0000000000000058, RBX=0x0000000000000058, RCX=0x0000000000000001, RDX=0x0000000000000001
RSP=0x000076712dfffd70, RBP=0x000076712dfffd90, RSI=0x0000000000000058, RDI=0x000076712dfffdc0
R8 =0x0000000000000001, R9 =0x0000000000000000, R10=0x0000000000000000, R11=0x0000000000000293
R12=0x000076712e000640, R13=0x0000000000000002, R14=0x00007671fa4947d0, R15=0x00007671da5f6f80
RIP=0x0000767147259e12, EFLAGS=0x0000000000010202, CSGSFS=0x002b000000000033, ERR=0x0000000000000004
  TRAPNO=0x000000000000000e


Top of Stack: (sp=0x000076712dfffd70)
0x000076712dfffd70:   000076012dfffd90 000076012e000601
0x000076712dfffd80:   0000000000000058 000076712dfffdc0
0x000076712dfffd90:   000076712dfffe20 0000767146ac92d4
0x000076712dfffda0:   00007671da5f6f80 0000000000000000
0x000076712dfffdb0:   00007670e2600158 00007671fa51bf2f
0x000076712dfffdc0:   0000767147c27f70 0000000000000058
0x000076712dfffdd0:   0000000000000101 aa202e14c1d1ee00
0x000076712dfffde0:   00007670e2600158 0000767147259068
0x000076712dfffdf0:   0000000000000000 0000000a00000000
0x000076712dfffe00:   0000000a00000000 0000767147cc7038
0x000076712dfffe10:   000076712e000640 000076712e000640
0x000076712dfffe20:   000076712dfffe50 0000767146ac2d10
0x000076712dfffe30:   0000000000000000 0000767147cc7000
0x000076712dfffe40:   0000767147cc7000 ffffffff00000000
0x000076712dfffe50:   0000000000000000 00007671fa494ac3
0x000076712dfffe60:   0000000000000000 000076712e000640
0x000076712dfffe70:   00007671da5f6e20 776c156ab54b7a52
0x000076712dfffe80:   000076712e000640 0000000000000002
0x000076712dfffe90:   00007671fa4947d0 00007671da5f6f80
0x000076712dfffea0:   9b8e4e95498b7a52 9b8fe1f824c97a52
0x000076712dfffeb0:   0000000000000000 0000000000000000
0x000076712dfffec0:   0000000000000000 0000000000000000
0x000076712dfffed0:   0000000000000000 aa202e14c1d1ee00
0x000076712dfffee0:   0000000000000000 00007671da5f6e20
0x000076712dfffef0:   0000000000000000 00007671fa526850
0x000076712dffff00:   0000000000000000 0000000000000000
0x000076712dffff10:   0000000000000000 0000000000000000
0x000076712dffff20:   0000000000000000 0000000000000000
0x000076712dffff30:   0000000000000000 0000000000000000
0x000076712dffff40:   0000000000000000 0000000000000000
0x000076712dffff50:   0000000000000000 0000000000000000
0x000076712dffff60:   0000000000000000 0000000000000000 

Instructions: (pc=0x000076012dfffd90)
0x000076012dfffc90:   ?? ?? ?? ?? ?? ?? ?? ?? ?? ?? ?? ?? ?? ?? ?? ??
0x000076012dfffca0:   ?? ?? ?? ?? ?? ?? ?? ?? ?? ?? ?? ?? ?? ?? ?? ??
0x000076012dfffcb0:   ?? ?? ?? ?? ?? ?? ?? ?? ?? ?? ?? ?? ?? ?? ?? ??
0x000076012dfffcc0:   ?? ?? ?? ?? ?? ?? ?? ?? ?? ?? ?? ?? ?? ?? ?? ??
0x000076012dfffcd0:   ?? ?? ?? ?? ?? ?? ?? ?? ?? ?? ?? ?? ?? ?? ?? ??
0x000076012dfffce0:   ?? ?? ?? ?? ?? ?? ?? ?? ?? ?? ?? ?? ?? ?? ?? ??
0x000076012dfffcf0:   ?? ?? ?? ?? ?? ?? ?? ?? ?? ?? ?? ?? ?? ?? ?? ??
0x000076012dfffd00:   ?? ?? ?? ?? ?? ?? ?? ?? ?? ?? ?? ?? ?? ?? ?? ??
0x000076012dfffd10:   ?? ?? ?? ?? ?? ?? ?? ?? ?? ?? ?? ?? 