#
# A fatal error has been detected by the Java Runtime Environment:
#
#  SIGSEGV (0xb) at pc=0x000075c8aea50bf4, pid=32697, tid=32851
#
# JRE version: Java(TM) SE Runtime Environment (23.0.1+11) (build 23.0.1+11-39)
# Java VM: Java HotSpot(TM) 64-Bit Server VM (23.0.1+11-39, mixed mode, emulated-client, sharing, tiered, compressed oops, compressed class ptrs, g1 gc, linux-amd64)
# Problematic frame:
# C  0x000075c897dffdf0
#
# Core dump will be written. Default location: Core dumps may be processed with "/usr/share/apport/apport -p%p -s%s -c%c -d%d -P%P -u%u -g%g -- %E" (or dumping to /home/dev/personal/face_recognition_resource_server/core.32697)
#
# If you would like to submit a bug report, please visit:
#   https://bugreport.java.com/bugreport/crash.jsp
#

---------------  S U M M A R Y ------------

Command Line: -XX:TieredStopAtLevel=1 -Dspring.output.ansi.enabled=always -Dcom.sun.management.jmxremote -Dspring.jmx.enabled=true -Dspring.liveBeansView.mbeanDomain -Dspring.application.admin.enabled=true -Dmanagement.endpoints.jmx.exposure.include=* -javaagent:/opt/idea-IU-243.22562.218/lib/idea_rt.jar=34741:/opt/idea-IU-243.22562.218/bin -Dfile.encoding=UTF-8 -Dsun.stdout.encoding=UTF-8 -Dsun.stderr.encoding=UTF-8 com.main.face_recognition_resource_server.FaceRecognitionResourceServerApplication

Host: Intel(R) Core(TM) i7-4720HQ CPU @ 2.60GHz, 8 cores, 15G, Pop!_OS 22.04 LTS
Time: Tue Apr 29 17:12:51 2025 PKT elapsed time: 76.246886 seconds (0d 0h 1m 16s)

---------------  T H R E A D  ---------------

Current thread is native thread

Stack: [0x000075c897601000,0x000075c897e01000],  sp=0x000075c897dffb58,  free space=8186k
Native frames: (J=compiled Java code, j=interpreted, Vv=VM code, C=native code)
C  0x000075c897dffdf0
C  0x000075c8ae2b9490
C  0x000075c8ae2b10de

siginfo: si_signo: 11 (SIGSEGV), si_code: 1 (SEGV_MAPERR), si_addr: 0x000075c8aea50bf4

Registers:
RAX=0x0000000000000016, RBX=0x000075c897e00640, RCX=0x000075c9608e57f8, RDX=0x00000000ffffffff
RSP=0x000075c897dffb50, RBP=0x000075c897dffb60, RSI=0x000000000000000a, RDI=0x000075c84a81f710
R8 =0x0000000000000016, R9 =0x000075c9409f6eff, R10=0x0000000000000000, R11=0x0000000000000293
R12=0x000075c897e00640, R13=0x0000000000000002, R14=0x000075c9608947d0, R15=0x000075c9409f6f40
RIP=0x000075c8aea50bf4, EFLAGS=0x0000000000010206, CSGSFS=0x002b000000000033, ERR=0x0000000000000014
  TRAPNO=0x000000000000000e


Top of Stack: (sp=0x000075c897dffb50)
0x000075c897dffb50:   000075c897dffdf0 000075c84a81f710
0x000075c897dffb60:   000075c897dffe20 000075c8ae2b9490
0x000075c897dffb70:   000075c9409f6fd0 000075c84a81f5c0
0x000075c897dffb80:   000075c84a820c10 0000000000000002
0x000075c897dffb90:   000075c9409f7420 000075c8aea50c0e
0x000075c897dffba0:   00335f00325f005f 614a0078352e255f
0x000075c897dffbb0:   0000000000000000 0000000000000000
0x000075c897dffbc0:   0a0d00360a020015 0000000000000000
0x000075c897dffbd0:   000075c9602f39e0 0000000000000000
0x000075c897dffbe0:   0000000000000000 0000000000000000
0x000075c897dffbf0:   0000000000000000 0000000000000000
0x000075c897dffc00:   0000000000000000 0000000000000000
0x000075c897dffc10:   cafebabecafebabe 0000000000000000
0x000075c897dffc20:   0000000000000000 0000000000000000
0x000075c897dffc30:   0000000000000000 0000000000000000
0x000075c897dffc40:   0000000000000000 0000000000000000
0x000075c897dffc50:   0000000000000000 0000000000000000
0x000075c897dffc60:   0000000000000000 0000000000000000
0x000075c897dffc70:   0000000000000000 0000000000000000
0x000075c897dffc80:   0000000000000002 0000000000000000
0x000075c897dffc90:   0000000000000000 0000000000000000
0x000075c897dffca0:   0000000000000000 0000000000000000
0x000075c897dffcb0:   0000000000000000 0000000000000000
0x000075c897dffcc0:   0000000000000000 0000000000000000
0x000075c897dffcd0:   0000000000000000 0000000000000000
0x000075c897dffce0:   0000000000000000 0000000000000000
0x000075c897dffcf0:   0000000000000000 0000000000000000
0x000075c897dffd00:   0000000000000000 0000000000000000
0x000075c897dffd10:   0000000000000000 0000000000000000
0x000075c897dffd20:   0000000000000000 000075c9608e5803
0x000075c897dffd30:   0000000000000000 0000000000000000
0x000075c897dffd40:   0000000000000000 0000000000000000 

Instructions: (pc=0x000075c897dffdf0)
0x000075c897dffcf0:   00 00 00 00 00 00 00 00 00 00 00 00 00 00 00 00
0x000075c897dffd00:   00 00 00 00 00 00 00 00 00 00 00 00 00 00 00 00
0x000075c897dffd10:   00 00 00 00 00 00 00 00 00 00 00 00 00 00 00 00
0x000075c897dffd20:   00 00 00 00 00 00 00 00 03 58 8e 60 c9 75 00 00
0x000075c897dffd30:   00 00 00 00 00 00 00 00 00 00 00 00 00 00 00 00
0x000075c897dffd40:   00 00 00 00 00 00 00 00 00 00 00 00 00 00 00 00
0x000075c897dffd50:   00 00 00 00 00 00 00 00 00 00 00 00 00 00 00 00
0x000075c897dffd60:   00 00 00 00 00 00 00 00 00 92 c9 db 16 31 ae 25
0x000075c897dffd70:   00 00 00 00 00 00 00 00 40 06 e0 97 c8 75 00 00
0x000075c897dffd80:   20 fe df 97 c8 75 00 00 40 06 e0 97 c8 75 00 00
0x000075c897dffd90:   02 00 00 00 00 00 00 00 d0 47 89 60 c9 75 00 00
0x000075c897dffda0:   40 6f 9f 40 c9 75 00 00 77 a6 8e 60 c9 75 00 00
0x000075c897dffdb0:   00 00 00 00 00 00 00 00 2f bf 91 60 c9 75 00 00
0x000075c897dffdc0:   00 00 00 00 00 00 00 00 80 96 98 00 00 00 00 00
0x000075c897dffdd0:   40 06 e0 97 c8 75 00 00 00 92 c9 db 16 31 ae 25
0x000075c897dffde0:   00 f7 81 4a c8 75 00 00 00 00 00 00 00 00 00 00
0x000075c897dffdf0:   00 f7 81 4a c8 75 00 00 00 00 00 00 0a 00 00 00
0x000075c897dffe00:   00 00 00 00 0a 00 00 00 d0 f5 81 4a c8 75 00 00
0x000075c897dffe10:   ff ff ff ff 00 00 00 00 40 06 e0 97 c8 75 00 00
0x000075c897dffe20:   50 fe df 97 c8 75 00 00 de 10 2b ae c8 75 00 00
0x000075c897dffe30:   00 00 00 00 00 00 00 00 c0 f5 81 4a c8 75 00 00
0x000075c897dffe40:   c0 f5 81 4a c8 75 00 00 00 00 00 00 ff ff ff ff
0x000075c897dffe50:   00 00 00 00 00 00 00 00 c3 4a 89 60 c9 75 00 00
0x000075c897dffe60:   00 00 00 00 00 00 00 00 40 06 e0 97 c8 75 00 00
0x000075c897dffe70:   e0 6d 9f 40 c9 75 00 00 ec 90 a3 0f 70 72 20 b4
0x000075c897dffe80:   40 06 e0 97 c8 75 00 00 02 00 00 00 00 00 00 00
0x000075c897dffe90:   d0 47 89 60 c9 75 00 00 40 6f 9f 40 c9 75 00 00
0x000075c897dffea0:   ec 90 63 f3 cf 5d b1 5f ec 90 21 9e 62 b3 b2 5f
0x000075c897dffeb0:   00 00 00 00 00 00 00 00 00 00 00 00 00 00 00 00
0x000075c897dffec0:   00 00 00 00 00 00 00 00 00 00 00 00 00 00 00 00
0x000075c897dffed0:   00 00 00 00 00 00 00 00 00 92 c9 db 16 31 ae 25
0x000075c897dffee0:   00 00 00 00 00 00 00 00 e0 6d 9f 40 c9 75 00 00 



---------------  P R O C E S S  ---------------

VM state: at safepoint (shutting down)

VM Mutex/Monitor currently owned by a thread:  ([mutex/lock_event])
[0x000075c9606706f8] Threads_lock - owner thread: 0x000075c958164460
[0x000075c9606705f8] Heap_lock - owner thread: 0x000075c8c800a1d0

Heap address: 0x0000000707400000, size: 3980 MB, Compressed Oops mode: Zero based, Oop shift amount: 3

CDS archive(s) mapped at: [0x000075c8ea000000-0x000075c8ead91000-0x000075c8ead91000), size 14225408, SharedBaseAddress: 0x000075c8ea000000, ArchiveRelocationMode: 1.
Compressed class space mapped at: 0x000075c8eb000000-0x000075c92b000000, reserved size: 1073741824
Narrow klass base: 0x000075c8ea000000, Narrow klass shift: 0, Narrow klass range: 0x100000000

GC Precious Log:
<Skipped>

Heap:
 garbage-first heap   total reserved 4075520K, committed 206848K, used 142297K [0x0000000707400000, 0x0000000800000000)
  region size 2048K, 43 young (88064K), 7 survivors (14336K)
 Metaspace       used 94694K, committed 95872K, reserved 1179648K
  class space    used 14437K, committed 14976K, reserved 1048576K

Heap Regions: E=young(eden), S=young(survivor), O=old, HS=humongous(starts), HC=humongous(continues), CS=collection set, F=free, TAMS=top-at-mark-start, PB=parsable bottom
|   0|0x0000000707400000, 0x0000000707600000, 0x0000000707600000|100%| O|  |TAMS 0x0000000707400000| PB 0x0000000707400000| Untracked |  0
|   1|0x0000000707600000, 0x0000000707800000, 0x0000000707800000|100%| O|  |TAMS 0x0000000707600000| PB 0x0000000707600000| Untracked |  0
|   2|0x0000000707800000, 0x0000000707a00000, 0x0000000707a00000|100%| O|  |TAMS 0x0000000707800000| PB 0x0000000707800000| Untracked |  0
|   3|0x0000000707a00000, 0x0000000707c00000, 0x0000000707c00000|100%| O|  |TAMS 0x0000000707a00000| PB 0x0000000707a00000| Untracked |  0
|   4|0x0000000707c00000, 0x0000000707e00000, 0x0000000707e00000|100%| O|  |TAMS 0x0000000707c00000| PB 0x0000000707c00000| Untracked |  0
|   5|0x0000000707e00000, 0x0000000708000000, 0x0000000708000000|100%| O|  |TAMS 0x0000000707e00000| PB 0x0000000707e00000| Untracked |  0
|   6|0x0000000708000000, 0x0000000708200000, 0x0000000708200000|100%| O|  |TAMS 0x0000000708000000| PB 0x0000000708000000| Untracked |  0
|   7|0x0000000708200000, 0x0000000708400000, 0x0000000708400000|100%| O|  |TAMS 0x0000000708200000| PB 0x0000000708200000| Untracked |  0
|   8|0x0000000708400000, 0x0000000708600000, 0x0000000708600000|100%| O|  |TAMS 0x0000000708400000| PB 0x0000000708400000| Untracked |  0
|   9|0x0000000708600000, 0x0000000708800000, 0x0000000708800000|100%| O|  |TAMS 0x0000000708600000| PB 0x0000000708600000| Untracked 