#
# A fatal error has been detected by the Java Runtime Environment:
#
#  SIGSEGV (0xb) at pc=0x00007561ea2c2a70, pid=19925, tid=20091
#
# JRE version: Java(TM) SE Runtime Environment (23.0.1+11) (build 23.0.1+11-39)
# Java VM: Java HotSpot(TM) 64-Bit Server VM (23.0.1+11-39, mixed mode, emulated-client, sharing, tiered, compressed oops, compressed class ptrs, g1 gc, linux-amd64)
# Problematic frame:
# C  0x0000000000000000
#
# Core dump will be written. Default location: Core dumps may be processed with "/usr/share/apport/apport -p%p -s%s -c%c -d%d -P%P -u%u -g%g -- %E" (or dumping to /home/dev/personal/face_recognition_resource_server/core.19925)
#
# If you would like to submit a bug report, please visit:
#   https://bugreport.java.com/bugreport/crash.jsp
#

---------------  S U M M A R Y ------------

Command Line: -XX:TieredStopAtLevel=1 -Dspring.output.ansi.enabled=always -Dcom.sun.management.jmxremote -Dspring.jmx.enabled=true -Dspring.liveBeansView.mbeanDomain -Dspring.application.admin.enabled=true -Dmanagement.endpoints.jmx.exposure.include=* -javaagent:/opt/idea-IU-243.22562.218/lib/idea_rt.jar=34273:/opt/idea-IU-243.22562.218/bin -Dfile.encoding=UTF-8 -Dsun.stdout.encoding=UTF-8 -Dsun.stderr.encoding=UTF-8 com.main.face_recognition_resource_server.FaceRecognitionResourceServerApplication

Host: Intel(R) Core(TM) i7-4720HQ CPU @ 2.60GHz, 8 cores, 15G, Pop!_OS 22.04 LTS
Time: Tue Apr 29 14:38:27 2025 PKT elapsed time: 1432.053495 seconds (0d 0h 23m 52s)

---------------  T H R E A D  ---------------

Current thread is native thread

Stack: [0x00007561d2c01000,0x00007561d3401000],  sp=0x00007561d33ffe28,  free space=8187k
Native frames: <unavailable>

siginfo: si_signo: 11 (SIGSEGV), si_code: 1 (SEGV_MAPERR), si_addr: 0x00007561ea2c2a70

Registers:
RAX=0x0000000000000000, RBX=0x00007561d3400640, RCX=0x000075629c8e57f8, RDX=0x0000000000000000
RSP=0x00007561d33ffe20, RBP=0x00007561d33ffe50, RSI=0x0000000000000000, RDI=0x0000000000000000
R8 =0x0000000000000000, R9 =0x000075627cbf6f3f, R10=0x0000000000000000, R11=0x0000000000000293
R12=0x00007561d3400640, R13=0x0000000000000002, R14=0x000075629c8947d0, R15=0x000075627cbf6f80
RIP=0x00007561ea2c2a70, EFLAGS=0x0000000000010206, CSGSFS=0x002b000000000033, ERR=0x0000000000000014
  TRAPNO=0x000000000000000e


Top of Stack: (sp=0x00007561d33ffe20)
0x00007561d33ffe20:   0000000000000000 00007561eb4c7000
0x00007561d33ffe30:   0000000000000000 00007561eb4c7000
0x00007561d33ffe40:   0000000000000000 00000005ffffffff
0x00007561d33ffe50:   0000000000000000 000075629c894ac3
0x00007561d33ffe60:   0000000000000000 00007561d3400640
0x00007561d33ffe70:   000075627cbf6e20 360bc26f8d6b1912
0x00007561d33ffe80:   00007561d3400640 0000000000000002
0x00007561d33ffe90:   000075629c8947d0 000075627cbf6f80
0x00007561d33ffea0:   dcc8641071ab1912 dccefb7d1ce91912
0x00007561d33ffeb0:   0000000000000000 0000000000000000
0x00007561d33ffec0:   0000000000000000 0000000000000000
0x00007561d33ffed0:   0000000000000000 2c3df854468a0200
0x00007561d33ffee0:   0000000000000000 000075627cbf6e20
0x00007561d33ffef0:   0000000000000000 000075629c926850
0x00007561d33fff00:   0000000000000000 0000000000000000
0x00007561d33fff10:   0000000000000000 0000000000000000
0x00007561d33fff20:   0000000000000000 0000000000000000
0x00007561d33fff30:   0000000000000000 