#
# A fatal error has been detected by the Java Runtime Environment:
#
#  SIGSEGV (0xb) at pc=0x00007c91b8ec2c6c, pid=19638, tid=19792
#
# JRE version: Java(TM) SE Runtime Environment (23.0.1+11) (build 23.0.1+11-39)
# Java VM: Java HotSpot(TM) 64-Bit Server VM (23.0.1+11-39, mixed mode, emulated-client, sharing, tiered, compressed oops, compressed class ptrs, g1 gc, linux-amd64)
# Problematic frame:
# C  0x0000000000000000
#
# Core dump will be written. Default location: Core dumps may be processed with "/usr/share/apport/apport -p%p -s%s -c%c -d%d -P%P -u%u -g%g -- %E" (or dumping to /home/dev/personal/face_recognition_resource_server/core.19638)
#
# If you would like to submit a bug report, please visit:
#   https://bugreport.java.com/bugreport/crash.jsp
#

---------------  S U M M A R Y ------------

Command Line: -XX:TieredStopAtLevel=1 -Dspring.output.ansi.enabled=always -Dcom.sun.management.jmxremote -Dspring.jmx.enabled=true -Dspring.liveBeansView.mbeanDomain -Dspring.application.admin.enabled=true -Dmanagement.endpoints.jmx.exposure.include=* -javaagent:/opt/idea-IU-243.22562.218/lib/idea_rt.jar=36455:/opt/idea-IU-243.22562.218/bin -Dfile.encoding=UTF-8 -Dsun.stdout.encoding=UTF-8 -Dsun.stderr.encoding=UTF-8 com.main.face_recognition_resource_server.FaceRecognitionResourceServerApplication

Host: Intel(R) Core(TM) i7-4720HQ CPU @ 2.60GHz, 8 cores, 15G, Pop!_OS 22.04 LTS
Time: Tue Apr 29 14:14:31 2025 PKT elapsed time: 78.279240 seconds (0d 0h 1m 18s)

---------------  T H R E A D  ---------------

Current thread is native thread

Stack: [0x00007c91a0401000,0x00007c91a0c01000],  sp=0x00007c91a0bffe28,  free space=8187k
Native frames: <unavailable>

siginfo: si_signo: 11 (SIGSEGV), si_code: 1 (SEGV_MAPERR), si_addr: 0x00007c91b8ec2c6c

Registers:
RAX=0x0000000000000000, RBX=0x00007c91a0c00640, RCX=0x00007c926b4e57f8, RDX=0x0000000000000000
RSP=0x00007c91a0bffe20, RBP=0x00007c91a0bffe50, RSI=0x0000000000000000, RDI=0x0000000000000000
R8 =0x0000000000000000, R9 =0x00007c92435f6f3f, R10=0x0000000000000000, R11=0x0000000000000293
R12=0x00007c91a0c00640, R13=0x0000000000000002, R14=0x00007c926b4947d0, R15=0x00007c92435f6f80
RIP=0x00007c91b8ec2c6c, EFLAGS=0x0000000000010206, CSGSFS=0x002b000000000033, ERR=0x0000000000000014
  TRAPNO=0x000000000000000e


Top of Stack: (sp=0x00007c91a0bffe20)
0x00007c91a0bffe20:   0000000000000000 00007c91ba0c7000
0x00007c91a0bffe30:   0000000000000000 00007c91ba0c7000
0x00007c91a0bffe40:   0000000000000000 0000000effffffff
0x00007c91a0bffe50:   0000000000000000 00007c926b494ac3
0x00007c91a0bffe60:   0000000000000000 00007c91a0c00640
0x00007c91a0bffe70:   00007c92435f6e20 ebf79a493393927a
0x00007c91a0bffe80:   00007c91a0c00640 0000000000000002
0x00007c91a0bffe90:   00007c926b4947d0 00007c92435f6f80
0x00007c91a0bffea0:   12d4db36cf53927a 12d34cdba211927a
0x00007c91a0bffeb0:   0000000000000000 0000000000000000
0x00007c91a0bffec0:   0000000000000000 0000000000000000
0x00007c91a0bffed0:   0000000000000000 9f185400f6791000
0x00007c91a0bffee0:   0000000000000000 00007c92435f6e20
0x00007c91a0bffef0:   0000000000000000 00007c926b526850
0x00007c91a0bfff00:   0000000000000000 0000000000000000
0x00007c91a0bfff10:   0000000000000000 0000000000000000
0x00007c91a0bfff20:   0000000000000000 0000000000000000
0x00007c91a0bfff30:   0000000000000000 0000000000000000
0x00007c91a0bfff40:   0000000000000000 0000000000000000
0x00007c91a0bfff50:   0000000000000000 0000000000000000
0x00007c91a0bfff60:   0000000000000000 0000000000000000
0x00007c91a0bfff70:   0000000000000000 0000000000000000
0x00007c91a0bfff80:   0000000000000000 0000000000000000
0x00007c91a0bfff90:   0000000000000000 0000000000000000
0x00007c91a0bfffa0:   0000000000000000 0000000000000000
0x00007c91a0bfffb0:   0000000000000000 0000000000000000
0x00007c91a0bfffc0:   0000000000000000 0000000000000000
0x00007c91a0bfffd0:   0000000000000000 0000000000000000