#
# A fatal error has been detected by the Java Runtime Environment:
#
#  SIGSEGV (0xb) at pc=0x00007c0b6f259e12, pid=53025, tid=53228
#
# JRE version: Java(TM) SE Runtime Environment (23.0.1+11) (build 23.0.1+11-39)
# Java VM: Java HotSpot(TM) 64-Bit Server VM (23.0.1+11-39, mixed mode, emulated-client, sharing, tiered, compressed oops, compressed class ptrs, g1 gc, linux-amd64)
# Problematic frame:
# C  0x00007c01569ffd90
#
# Core dump will be written. Default location: Core dumps may be processed with "/usr/share/apport/apport -p%p -s%s -c%c -d%d -P%P -u%u -g%g -- %E" (or dumping to /home/dev/personal/face_recognition_resource_server/core.53025)
#
# If you would like to submit a bug report, please visit:
#   https://bugreport.java.com/bugreport/crash.jsp
#

---------------  S U M M A R Y ------------

Command Line: -XX:TieredStopAtLevel=1 -Dspring.output.ansi.enabled=always -Dcom.sun.management.jmxremote -Dspring.jmx.enabled=true -Dspring.liveBeansView.mbeanDomain -Dspring.application.admin.enabled=true -Dmanagement.endpoints.jmx.exposure.include=* -javaagent:/opt/idea-IU-243.22562.218/lib/idea_rt.jar=41801:/opt/idea-IU-243.22562.218/bin -Dfile.encoding=UTF-8 -Dsun.stdout.encoding=UTF-8 -Dsun.stderr.encoding=UTF-8 com.main.face_recognition_resource_server.FaceRecognitionResourceServerApplication

Host: Intel(R) Core(TM) i7-4720HQ CPU @ 2.60GHz, 8 cores, 15G, Pop!_OS 22.04 LTS
Time: Sat May 17 18:16:13 2025 PKT elapsed time: 6667.306210 seconds (0d 1h 51m 7s)

---------------  T H R E A D  ---------------

Current thread is native thread

Stack: [0x00007c0b56201000,0x00007c0b56a01000],  sp=0x00007c0b569ffd78,  free space=8187k
Native frames: (J=compiled Java code, j=interpreted, Vv=VM code, C=native code)
C  0x00007c01569ffd90
C  0x00007c0b6eac92d4
C  0x00007c0b6eac2d10

siginfo: si_signo: 11 (SIGSEGV), si_code: 1 (SEGV_MAPERR), si_addr: 0x0000000000000058

Registers:
RAX=0x0000000000000058, RBX=0x0000000000000058, RCX=0x0000000000000001, RDX=0x0000000000000001
RSP=0x00007c0b569ffd70, RBP=0x00007c0b569ffd90, RSI=0x0000000000000058, RDI=0x00007c0b569ffdc0
R8 =0x0000000000000001, R9 =0x0000000000000000, R10=0x0000000000000000, R11=0x0000000000000293
R12=0x00007c0b56a00640, R13=0x0000000000000002, R14=0x00007c0c228947d0, R15=0x00007c0c02af6f80
RIP=0x00007c0b6f259e12, EFLAGS=0x0000000000010202, CSGSFS=0x002b000000000033, ERR=0x0000000000000004
  TRAPNO=0x000000000000000e


Top of Stack: (sp=0x00007c0b569ffd70)
0x00007c0b569ffd70:   00007c01569ffd90 00007c0156a00601
0x00007c0b569ffd80:   0000000000000058 00007c0b569ffdc0
0x00007c0b569ffd90:   00007c0b569ffe20 00007c0b6eac92d4
0x00007c0b569ffda0:   00007c0c02af6f80 0000000000000000
0x00007c0b569ffdb0:   00007c0b0a590b78 00007c0c2291bf2f
0x00007c0b569ffdc0:   00007c0b6fc27f70 0000000000000058
0x00007c0b569ffdd0:   0000000000000101 07ff092c63b22e00
0x00007c0b569ffde0:   00007c0b0a590b78 00007c0b6f259068
0x00007c0b569ffdf0:   0000000000000000 0000000a00000000
0x00007c0b569ffe00:   0000000a00000000 00007c0b6fcc7038
0x00007c0b569ffe10:   00007c0b56a00640 00007c0b56a00640
0x00007c0b569ffe20:   00007c0b569ffe50 00007c0b6eac2d10
0x00007c0b569ffe30:   0000000000000000 00007c0b6fcc7000
0x00007c0b569ffe40:   00007c0b6fcc7000 ffffffff00000000
0x00007c0b569ffe50:   0000000000000000 00007c0c22894ac3
0x00007c0b569ffe60:   0000000000000000 00007c0b56a00640
0x00007c0b569ffe70:   00007c0c02af6e20 78072e11eb333f7d
0x00007c0b569ffe80:   00007c0b56a00640 0000000000000002
0x00007c0b569ffe90:   00007c0c228947d0 00007c0c02af6f80
0x00007c0b569ffea0:   8011832e17f33f7d 801f6b037ab13f7d
0x00007c0b569ffeb0:   0000000000000000 0000000000000000
0x00007c0b569ffec0:   0000000000000000 0000000000000000
0x00007c0b569ffed0:   0000000000000000 07ff092c63b22e00
0x00007c0b569ffee0:   0000000000000000 00007c0c02af6e20
0x00007c0b569ffef0:   0000000000000000 00007c0c22926850
0x00007c0b569fff00:   0000000000000000 0000000000000000
0x00007c0b569fff10:   0000000000000000 0000000000000000
0x00007c0b569fff20:   0000000000000000 0000000000000000
0x00007c0b569fff30:   0000000000000000 0000000000000000
0x00007c0b569fff40:   0000000000000000 0000000000000000
0x00007c0b569fff50:   0000000000000000 0000000000000000
0x00007c0b569fff60:   0000000000000000 0000000000000000 

Instructions: (pc=0x00007c01569ffd90)
0x00007c01569ffc90:   ?? ?? ?? ?? ?? ?? ?? ?? ?? ?? ?? ?? ?? ?? ?? ??
0x00007c01569ffca0:   ?? ?? ?? ?? ?? ?? ?? ?? ?? ?? ?? ?? ?? ?? ?? ??
0x00007c01569ffcb0:   ?? ?? ?? ?? ?? ?? ?? ?? ?? ?? ?? ?? ?? ?? ?? ??
0x00007c01569ffcc0:   ?? ?? ?? ?? ?? ?? ?? ?? ?? ?? ?? ?? ?? ?? ?? ??
0x00007c01569ffcd0:   ?? ?? ?? ?? ?? ?? ?? ?? ?? ?? ?? ?? ?? ?? ?? ??
0x00007c01569ffce0:   ?? ?? ?? ?? ?? ?? ?? ?? ?? ?? ?? ?? ?? ?? ?? ??
0x00007c01569ffcf0:   ?? ?? ?? ?? ?? ?? ?? ?? ?? ?? ?? ?? ?? ?? ?? ??
0x00007c01569ffd00:   ?? ?? ?? ?? ?? ?? ?? ?? ?? ?? ?? ?? ?? ?? ?? ??
0x00007c01569ffd10:   ?? ?? ?? ?? ?? ?? ?? ?? ?? ?? ?? ?? ?? ?? ?? ??
0x00007c01569ffd20:   ?? ?? ?? ?? ?? ?? ?? ?? ?? ?? ?? ?? ?? ?? ?? ??
0x00007c01569ffd30:   ?? ?? ?? ?? ?? ?? ?? ?? ?? ?? 