#
# A fatal error has been detected by the Java Runtime Environment:
#
#  SIGSEGV (0xb) at pc=0x0000715d67259058, pid=33661, tid=33824
#
# JRE version: Java(TM) SE Runtime Environment (23.0.1+11) (build 23.0.1+11-39)
# Java VM: Java HotSpot(TM) 64-Bit Server VM (23.0.1+11-39, mixed mode, emulated-client, sharing, tiered, compressed oops, compressed class ptrs, g1 gc, linux-amd64)
# Problematic frame:
# C  0x0000000000000000
#
# Core dump will be written. Default location: Core dumps may be processed with "/usr/share/apport/apport -p%p -s%s -c%c -d%d -P%P -u%u -g%g -- %E" (or dumping to /home/dev/personal/face_recognition_resource_server/core.33661)
#
# If you would like to submit a bug report, please visit:
#   https://bugreport.java.com/bugreport/crash.jsp
#

---------------  S U M M A R Y ------------

Command Line: -XX:TieredStopAtLevel=1 -Dspring.output.ansi.enabled=always -Dcom.sun.management.jmxremote -Dspring.jmx.enabled=true -Dspring.liveBeansView.mbeanDomain -Dspring.application.admin.enabled=true -Dmanagement.endpoints.jmx.exposure.include=* -javaagent:/opt/idea-IU-243.22562.218/lib/idea_rt.jar=37453:/opt/idea-IU-243.22562.218/bin -Dfile.encoding=UTF-8 -Dsun.stdout.encoding=UTF-8 -Dsun.stderr.encoding=UTF-8 com.main.face_recognition_resource_server.FaceRecognitionResourceServerApplication

Host: Intel(R) Core(TM) i7-4720HQ CPU @ 2.60GHz, 8 cores, 15G, Pop!_OS 22.04 LTS
Time: Tue Apr 29 17:16:35 2025 PKT elapsed time: 48.582192 seconds (0d 0h 0m 48s)

---------------  T H R E A D  ---------------

Current thread is native thread

Stack: [0x0000715d58401000,0x0000715d58c01000],  sp=0x0000715d58bffdf8,  free space=8187k
Native frames: <unavailable>

siginfo: si_signo: 11 (SIGSEGV), si_code: 1 (SEGV_MAPERR), si_addr: 0x0000715d67259058

Registers:
RAX=0x0000000000000000, RBX=0x0000715d58c00640, RCX=0x0000715e1a6e57f8, RDX=0x0000000000000000
RSP=0x0000715d58bffdf0, RBP=0x0000715d58bffe20, RSI=0x0000000000000000, RDI=0x0000000000000000
R8 =0x0000000000000000, R9 =0x0000715dfa7f6f3f, R10=0x0000000000000000, R11=0x0000000000000293
R12=0x0000715d58c00640, R13=0x0000000000000002, R14=0x0000715e1a6947d0, R15=0x0000715dfa7f6f80
RIP=0x0000715d67259058, EFLAGS=0x0000000000010206, CSGSFS=0x002b000000000033, ERR=0x0000000000000014
  TRAPNO=0x000000000000000e


Top of Stack: (sp=0x0000715d58bffdf0)
0x0000715d58bffdf0:   0000000000000000 000001f40260a870
0x0000715d58bffe00:   000001f40260a880 0000715d67cc7038
0x0000715d58bffe10:   0000715dffffffff ffffffff00000024
0x0000715d58bffe20:   0000715d58bffe50 0000715d66ac2b1e
0x0000715d58bffe30:   0000000000000000 0000715d67cc7000
0x0000715d58bffe40:   0000715d67cc7000 ffffffff00000000
0x0000715d58bffe50:   0000000000000000 0000715e1a694ac3
0x0000715d58bffe60:   0000000000000000 0000715d58c00640
0x0000715d58bffe70:   0000715dfa7f6e20 b3251047ced694e0
0x0000715d58bffe80:   0000715d58c00640 0000000000000002
0x0000715d58bffe90:   0000715e1a6947d0 0000715dfa7f6f80
0x0000715d58bffea0:   519fa138321694e0 519924955f5494e0
0x0000715d58bffeb0:   0000000000000000 0000000000000000
0x0000715d58bffec0:   0000000000000000 0000000000000000
0x0000715d58bffed0:   0000000000000000 573369702e0d7700
0x0000715d58bffee0:   0000000000000000 0000715dfa7f6e20
0x0000715d58bffef0:   0000000000000000 0000715e1a726850
0x0000715d58bfff00:   0000000000000000 0000000000000000
0x0000715d58bfff10:   0000000000000000 0000000000000000
0x0000715d58bfff20:   0000000000000000 0000000000000000
0x0000715d58bfff30:   0000000000000000 0000000000000000
0x0000715d58bfff40:   0000000000000000 0000000000000000
0x0000715d58bfff50:   0000000000000000 0000000000000000
0x0000715d58bfff60:   0000000000000000 0000000000000000
0x0000715d58bfff70:   0000000000000000 0000000000000000
0x0000715d58bfff80:   0000000000000000 0000000000000000
0x0000715d58bfff90:   0000000000000000 0000000000000000
0x0000715d58bfffa0:   0000000000000000 0000000000000000
0x0000715d58bfffb0:   0000000000000000 0000000000000000
0x0000715d58bfffc0:   0000000000000000 0000000000000000
0x0000715d58bfffd0:   0000000000000000 0000000000000000
0x0000715d58bfffe0:   0000000000000000 0000000000000000 

Instructions: (pc=0x0000000000000000)
0xffffffffffffff00:   



---------------  P R O C E S S  ---------------

VM state: at safepoint (shutting down)

VM Mutex/Monitor currently owned by a thread:  ([mutex/lock_event])
[0x0000715e1a4706f8] Threads_lock - owner thread: 0x0000715e14164460
[0x0000715e1a4705f8] Heap_lock - owner thread: 0x0000715d800021f0

Heap address: 0x0000000707400000, size: 3980 MB, Compressed Oops mode: Zero based, Oop shift amount: 3

CDS archive(s) mapped at: [0x0000715da2000000-0x0000715da2d91000-0x0000715da2d91000), size 14225408, SharedBaseAddress: 0x0000715da2000000, ArchiveRelocationMode: 1.
Compressed class space mapped at: 0x0000715da3000000-0x0000715de3000000, reserved size: 1073741824
Narrow klass base: 0x0000715da2000000, Narrow klass shift: 0, Narrow klass range: 0x100000000

GC Precious Log:
<Skipped>

Heap:
 garbage-first heap   total reserved 4075520K, committed 165888K, used 79548K [0x0000000707400000, 0x0000000800000000)
  region size 2048K, 11 young (22528K), 4 survivors (8192K)
 Metaspace       used 94633K, committed 95744K, reserved 1179648K
  class space    used 14429K, committed 14912K, reserved 1048576K

Heap Regions: E=young(eden), S=young(survivor), O=old, HS=humongous(starts), HC=humongous(continues), CS=collection set, F=free, TAMS=top-at-mark-start, PB=parsable bottom
|   0|0x0000000707400000, 0x0000000707600000, 0x0000000707600000|100%| O|  |TAMS 0x0000000707400000| PB 0x0000000707400000| Untracked |  0
|   1|0x0000000707600000, 0x0000000707800000, 0x0000000707800000|100%| O|  |TAMS 0x0000000707600000| PB 0x0000000707600000| Untracked |  0
|   2|0x0000000707800000, 0x0000000707a00000, 0x0000000707a00000|100%| O|  |TAMS 0x0000000707800000| PB 0x0000000707800000| Untracked |  0
|   3|0x0000000707a00000, 0x0000000707c00000, 0x0000000707c00000|100%| O|  |TAMS 0x0000000707a00000| PB 0x0000000707a00000| Untracked |  0
|   4|0x0000000707c00000, 0x0000000707e00000, 0x0000000707e00000|100%| O|  |TAMS 0x0000000707c00000| PB 0x0000000707c00000| Untracked |  0
|   5|0x0000000707e00000, 0x0000000708000000, 0x0000000708000000|100%| O|  |TAMS 0x0000000707e00000| PB 0x0000000707e00000| Untracked |  0
|   6|0x0000000708000000, 0x0000000708200000, 0x0000000708200000|100%| O|  |TAMS 0x0000000708000000| PB 0x0000000708000000| Untracked |  0
|   7|0x0000000708200000, 0x0000000708400000, 0x0000000708400000|100%| O|  |TAMS 0x0000000708200000| PB 0x0000000708200000| Untracked |  0
|   8|0x0000000708400000, 0x0000000708600000, 0x0000000708600000|100%| O|  |TAMS 0x0000000708400000| PB 0x0000000708400000| Untracked |  0
|   9|0x0000000708600000, 0x0000000708800000, 0x0000000708800000|100%| O|  |TAMS 0x0000000708600000| PB 0x0000000708600000| Untracked |  0
|  10|0x0000000708800000, 0x0000000708a00000, 0x0000000708a00000|100%| O|  |TAMS 0x0000000708800000| PB 0x0000000708800000| Untracked |  0
|  11|0x0000000708a00000, 0x0000000708c00000, 0x0000000708c00000|100%| O|  |TAMS 0x0000000708a00000| PB 0x0000000708a00000| Untracked |  0
|  12|0x0000000708c00000, 0x0000000708e00000, 0x0000000708e00000|100%| O|  |TAMS 0x0000000708c00000| PB 0x0000000708c00000| Untracked |  0
|  13|0x0000000708e00000, 0x0000000709000000, 0x0000000709000000|100%| O|  |TAMS 0x0000000708e00000| PB 0x0000000708e00000| Untracked |  0
|  14|0x0000000709000000, 0x0000000709200000, 0x0000000709200000|100%| O|  |TAMS 0x0000000709000000| PB 0x0000000709000000| Untracked |  0
|  15|0x0000000709200000, 0x0000000709400000, 0x0000000709400000|100%| O|  |TAMS 0x0000000709200000| PB 0x0000000709200000| Untracked |  0
|  16|0x0000000709400000, 0x0000000709600000, 0x0000000709600000|100%| O|  |TAMS 0x0000000709400000| PB 0x0000000709400000| Untracked |  0
|  17|0x0000000709600000, 0x0000000709800000, 0x0000000709800000|100%| O|  |TAMS 0x0000000709600000| PB 0x0000000709600000| Untracked |  0
|  18|0x0000000709800000, 0x0000000709a00000, 0x0000000709a00000|100%| O|  |TAMS 0x0000000709800000| PB 0x0000000709800000| Untracked |  0
|  19|0x0000000709a00000, 0x0000000709c00000, 0x0000000709c00000|100%| O|  |TAMS 0x0000000709a00000| PB 0x0000000709a00000| Untracked |  0
|  20|0x0000000709c00000, 0x0000000709e00000, 0x0000000709e00000|100%| O|  |TAMS 0x0000000709c00000| PB 0x0000000709c00000| Untracked |  0
|  21|0x0000000709e00000, 0x000000070a000000, 0x000000070a000000|100%| O|  |TAMS 0x0000000709e00000| PB 0x0000000709e00000| Untracked |  0
|  22|0x000000070a000000, 0x000000070a200000, 0x000000070a200000|100%| O|  |TAMS 0x000000070a000000| PB 0x000000070a000000| Untracked |  0
|  23|0x000000070a200000, 0x000000070a400000, 0x000000070a400000|100%| O|  |TAMS 0x000000070a200000| PB 0x000000070a200000| Untracked |  0
|  24|0x000000070a400000, 0x000000070a600000, 0x000000070a600000|100%| O|  |TAMS 0x000000070a400000| PB 0x000000070a400000| Untracked |  0
|  25|0x000000070a600000, 0x000000070a800000, 0x000000070a800000|100%| O|  |TAMS 0x000000070a600000| PB 0x000000070a600000| Untracked |  0
|  26|0x000000070a800000, 0x000000070aa00000, 0x000000070aa00000|100%| O|  |TAMS 0x000000070a800000| PB 0x000000070a800000| Untracked |  0
|  27|0x000000070aa00000, 0x000000070ac00000, 0x000000070ac00000|100%| O|  |TAMS 0x000000070aa00000| PB 0x000000070aa00000| Untracked |  0
|  28|0x000000070ac00000, 0x000000070ae00000, 0x000000070ae00000|100%| O|  |TAMS 0x000000070ac00000| PB 0x000000070ac00000| Untracked |  0
|  29|0x000000070ae00000, 0x000000070b000000, 0x000000070b000000|100%| O|  |TAMS 0x000000070ae00000| PB 0x000000070ae00000| Untracked |  0
|  30|0x000000070b000000, 0x000000070b018c40, 0x000000070b200000|  4%| O|  |TAMS 0x000000070b000000| PB 0x000000070b000000| Untracked |  0
|  31|0x000000070b200000, 0x000000070b200000, 0x000000070b400000|  0%| F|  |TAMS 0x000000070b200000| PB 0x000000070b200000| Untracked |  0
|  32|0x000000070b400000, 0x000000070b400000, 0x000000070b600000|  0%| F|  |TAMS 0x000000070b400000| PB 0x000000070b400000| Untracked |  0
|  33|0x000000070b600000, 0x000000070b600000, 0x000000070b800000|  0%| F|  |TAMS 0x000000070b600000| PB 0x000000070b600000| Untracked |  0
|  34|0x000000070b800000, 0x000000070b800000, 0x000000070ba00000|  0%| F|  |TAMS 0x000000070b800000| PB 0x000000070b800000| Untracked |  0
|  35|0x000000070ba00000, 0x000000070ba00000, 0x000000070bc00000|  0%| F|  |TAMS 0x000000070ba00000| PB 0x000000070ba00000| Untracked |  0
|  36|0x000000070bc00000, 0x000000070bc00000, 0x000000070be00000|  0%| F|  |TAMS 0x000000070bc00000| PB 0x000000070bc00000| Untracked |  0
|  37|0x000000070be00000, 0x000000070be00000, 0x000000070c000000|  0%| F|  |TAMS 0x000000070be00000| PB 0x000000070be00000| Untracked |  0
|  38|0x000000070c000000, 0x000000070c000000, 0x000000070c200000|  0%| F|  |TAMS 0x000000070c000000| PB 0x000000070c000000| Untracked |  0
|  39|0x000000070c200000, 0x000000070c200000, 0x000000070c400000|  0%| F|  |TAMS 0x000000070c200000| PB 0x000000070c200000| Untracked |  0
|  40|0x000000070c400000, 0x000000070c596500, 0x000000070c600000| 79%| S|CS|TAMS 0x000000070c400000| PB 0x000000070c400000| Complete |  0
|  41|0x000000070c600000, 0x000000070c800000, 0x000000070c800000|100%| S|CS|TAMS 0x000000070c600000| PB 0x000000070c600000| Complete |  0
|  42|0x000000070c800000, 0x000000070ca00000, 0x000000070ca00000|100%| S|CS|TAMS 0x000000070c800000| PB 0x000000070c800000| Complete |  0
|  43|0x000000070ca00000, 0x000000070cc00000, 0x000000070cc00000|100%| S|CS|TAMS 0x000000070ca00000| PB 0x000000070ca00000| Complete |  0
|  44|0x000000070cc00000, 0x000000070cc00000, 0x000000070ce00000|  0%| F|  |TAMS 0x000000070cc00000| PB 0x000000070cc00000| Untracked |  0
|  45|0x000000070ce00000, 0x000000070ce00000, 0x000000070d000000|  0%| F|  |TAMS 0x000000070ce00000| PB 0x000000070ce00000| Untracked |  0
|  46|0x000000070d000000, 0x000000070d000000, 0x000000070d200000|  0%| F|  |TAMS 0x000000070d000000| PB 0x000000070d000000| Untracked |  0
|  47|0x000000070d200000, 0x000000070d200000, 0x000000070d400000|  0%| F|  |TAMS 0x000000070d200000| PB 0x000000070d200000| Untracked |  0
|  48|0x000000070d400000, 0x000000070d400000, 0x000000070d600000|  0%| F|  |TAMS 0x000000070d400000| PB 0x000000070d400000| Untracked |  0
|  49|0x000000070d600000, 0x000000070d600000, 0x000000070d800000|  0%| F|  |TAMS 0x000000070d600000| PB 0x000000070d600000| Untracked |  0
|  50|0x000000070d800000, 0x000000070d800000, 0x000000070da00000|  0%| F|  |TAMS 0x000000070d800000| PB 0x000000070d800000| Untracked |  0
|  51|0x000000070da00000, 0x000000070da00000, 0x000000070dc00000|  0%| F|  |TAMS 0x000000070da00000| PB 0x000000070da00000| Untracked |  0
|  52|0x000000070dc00000, 0x000000070dc00000, 0x000000070de00000|  0%| F|  |TAMS 0x000000070dc00000| PB 0x000000070dc00000| Untracked |  0
|  53|0x000000070de00000, 0x000000070de00000, 0x000000070e000000|  0%| F|  |TAMS 0x000000070de00000| PB 0x000000070de00000| Untracked |  0
|  54|0x000000070e000000, 0x000000070e000000, 0x000000070e200000|  0%| F|  |TAMS 0x000000070e000000| PB 0x000000070e000000| Untracked |  0
|  55|0x000000070e200000, 0x000000070e200000, 0x000000070e400000|  0%| F|  |TAMS 0x000000070e200000| PB 0x000000070e200000| Untracked |  0
|  56|0x000000070e400000, 0x000000070e400000, 0x000000070e600000|  0%| F|  |TAMS 0x000000070e400000| PB 0x000000070e400000| Untracked |  0
|  57|0x000000070e600000, 0x000000070e600000, 0x000000070e800000|  0%| F|  |TAMS 0x000000070e600000| PB 0x000000070e600000| Untracked |  0
|  58|0x000000070e800000, 0x000000070e800000, 0x000000070ea00000|  0%| F|  |TAMS 0x000000070e800000| PB 0x000000070e800000| Untracked |  0
|  59|0x000000070ea00000, 0x000000070ea00000, 0x000000070ec00000|  0%| F|  |TAMS 0x000000070ea00000| PB 0x000000070ea00000| Untracked |  0
|  60|0x000000070ec00000, 0x000000070ec00000, 0x000000070ee00000|  0%| F|  |TAMS 0x000000070ec00000| PB 0x000000070ec00000| Untracked |  0
|  61|0x000000070ee00000, 0x000000070ee00000, 0x000000070f000000|  0%| F|  |TAMS 0x000000070ee00000| PB 0x000000070ee00000| Untracked |  0
|  62|0x000000070f000000, 0x000000070f000000, 0x000000070f200000|  0%| F|  |TAMS 0x000000070f000000| PB 0x000000070f000000| Untracked |  0
|  63|0x000000070f200000, 0x000000070f200000, 0x000000070f400000|  0%| F|  |TAMS 0x000000070f200000| PB 0x000000070f200000| Untracked |  0
|  64|0x000000070f400000, 0x000000070f400000, 0x000000070f600000|  0%| F|  |TAMS 0x000000070f400000| PB 0x000000070f400000| Untracked |  0
|  65|0x000000070f600000, 0x000000070f600000, 0x000000070f800000|  0%| F|  |TAMS 0x000000070f600000| PB 0x000000070f600000| Untracked |  0
|  66|0x000000070f800000, 0x000000070f800000, 0x000000070fa00000|  0%| F|  |TAMS 0x000000070f800000| PB 0x000000070f800000| Untracked |  0
|  67|0x000000070fa00000, 0x000000070fa00000, 0x000000070fc00000|  0%| F|  |TAMS 0x000000070fa00000| PB 0x000000070fa00000| Untracked |  0
|  68|0x000000070fc00000, 0x000000070fc00000, 0x000000070fe00000|  0%| F|  |TAMS 0x000000070fc00000| PB 0x000000070fc00000| Untracked |  0
|  69|0x000000070fe00000, 0x000000070fe00000, 0x0000000710000000|  0%| F|  |TAMS 0x000000070fe00000| PB 0x000000070fe00000| Untracked |  0
|  70|0x0000000710000000, 0x0000000710000000, 0x0000000710200000|  0%| F|  |TAMS 0x0000000710000000| PB 0x0000000710000000| Untracked |  0
|  71|0x0000000710200000, 0x0000000710200000, 0x0000000710400000|  0%| F|  |TAMS 0x0000000710200000| PB 0x0000000710200000| Untracked |  0
|  72|0x0000000710400000, 0x0000000710400000, 0x0000000710600000|  0%| F|  |TAMS 0x0000000710400000| PB 0x0000000710400000| Untracked |  0
|  73|0x0000000710600000, 0x0000000710600000, 0x0000000710800000|  0%| F|  |TAMS 0x0000000710600000| PB 0x0000000710600000| Untracked |  0
|  74|0x0000000710800000, 0x00000007108c7c98, 0x0000000710a00000| 39%| E|  |TAMS 0x0000000710800000| PB 0x0000000710800000| Complete |  0
|  75|0x0000000710a00000, 0x0000000710c00000, 0x0000000710c00000|100%| E|  |TAMS 0x0000000710a00000| PB 0x0000000710a00000| Complete |  0
| 112|0x0000000715400000, 0x0000000715600000, 0x0000000715600000|100%| E|CS|TAMS 0x0000000715400000| PB 0x0000000715400000| Complete |  0
| 113|0x0000000715600000, 0x0000000715800000, 0x0000000715800000|100%| E|CS|TAMS 0x0000000715600000| PB 0x0000000715600000| Complete |  0
| 114|0x0000000715800000, 0x0000000715a00000, 0x0000000715a00000|100%| E|CS|TAMS 0x0000000715800000| PB 0x0000000715800000| Complete |  0
| 124|0x0000000716c00000, 0x0000000716e00000, 0x0000000716e00000|100%| E|CS|TAMS 0x0000000716c00000| PB 0x0000000716c00000| Complete |  0
|1989|0x00000007ffe00000, 0x0000000800000000, 0x0000000800000000|100%| E|CS|TAMS 0x00000007ffe00000| PB 0x00000007ffe00000| Complete |  0

Card table byte_map: [0x0000715e07800000,0x0000715e07fc6000] _byte_map_base: 0x0000715e03fc6000

Marking Bits: (CMBitMap*) 0x0000715e14097830
 Bits: [0x0000715e03800000, 0x0000715e07630000)

Polling page: 0x0000715e1a8d2000

Metaspace:

Usage:
  Non-class:     78.32 MB used.
      Class:     14.09 MB used.
       Both:     92.42 MB used.

Virtual space:
  Non-class space:      128.00 MB reserved,      78.94 MB ( 62%) committed,  2 nodes.
      Class space:        1.00 GB reserved,      14.56 MB (  1%) committed,  1 nodes.
             Both:        1.12 GB reserved,      93.50 MB (  8%) committed. 

Chunk freelists:
   Non-Class:  1.07 MB
       Class:  1.39 MB
        Both:  2.46 MB

MaxMetaspaceSize: unlimited
CompressedClassSpaceSize: 1.00 GB
Initial GC threshold: 21.00 MB
Current GC threshold: 127.75 MB
CDS: on
 - commit_granule_bytes: 65536.
 - commit_granule_words: 8192.
 - virtual_space_node_default_size: 8388608.
 - enlarge_chunks_in_place: 1.
 - use_allocation_guard: 0.


Internal statistics:

num_allocs_failed_limit: 18.
num_arena_births: 1664.
num_arena_deaths: 0.
num_vsnodes_births: 3.
num_vsnodes_deaths: 0.
num_space_committed: 1495.
num_space_uncommitted: 0.
num_chunks_returned_to_freelist: 18.
num_chunks_taken_from_freelist: 5113.
num_chunk_merges: 18.
num_chunk_splits: 3675.
num_chunks_enlarged: 2793.
num_inconsistent_stats: 0.

CodeCache: size=49152Kb used=13865Kb max_used=14964Kb free=35286Kb
 bounds [0x0000715e08800000, 0x0000715e096a0000, 0x0000715e0b800000]
 total_blobs=10797, nmethods=9986, adapters=736, full_count=0
Compilation: enabled, stopped_count=0, restarted_count=0

Compilation events (20 events):
Event: 48.271 Thread 0x0000715e14174dc0 nmethod 10738 0x0000715e08f2dd88 code [0x0000715e08f2dea0, 0x0000715e08f2dfc8]
Event: 48.271 Thread 0x0000715e14174dc0 10739       1       org.apache.catalina.core.StandardContext::getApplicationEventListeners (10 bytes)
Event: 48.271 Thread 0x0000715e14174dc0 nmethod 10739 0x0000715e08f2da88 code [0x0000715e08f2dba0, 0x0000715e08f2dc90]
Event: 48.271 Thread 0x0000715e14174dc0 10740       1       org.apache.catalina.LifecycleEvent::getType (5 bytes)
Event: 48.272 Thread 0x0000715e14174dc0 nmethod 10740 0x0000715e08f2d788 code [0x0000715e08f2d8a0, 0x0000715e08f2d968]
Event: 48.272 Thread 0x0000715e14174dc0 10741       1       org.apache.juli.logging.DirectJDKLog::isDebugEnabled (11 bytes)
Event: 48.272 Thread 0x0000715e14174dc0 nmethod 10741 0x0000715e08f2d488 code [0x0000715e08f2d5a0, 0x0000715e08f2d6a8]
Event: 48.272 Thread 0x0000715e14174dc0 10742       1       org.apache.catalina.util.LifecycleBase::fireLifecycleEvent (56 bytes)
Event: 48.272 Thread 0x0000715e14174dc0 nmethod 10742 0x0000715e08f2cf08 code [0x0000715e08f2d060, 0x0000715e08f2d3f8]
Event: 48.272 Thread 0x0000715e14174dc0 10743       1       org.apache.catalina.LifecycleEvent::<init> (16 bytes)
Event: 48.273 Thread 0x0000715e14174dc0 nmethod 10743 0x0000715e08f2cb08 code [0x0000715e08f2cc40, 0x0000715e08f2cee0]
Event: 48.273 Thread 0x0000715e14174dc0 10745       1       ch.qos.logback.classic.Logger::recursiveReset (58 bytes)
Event: 48.273 Thread 0x0000715e14174dc0 nmethod 10745 0x0000715e08f2c608 code [0x0000715e08f2c780, 0x0000715e08f2caa0]
Event: 48.273 Thread 0x0000715e14174dc0 10746       1       ch.qos.logback.classic.Logger::detachAndStopAllAppenders (15 bytes)
Event: 48.273 Thread 0x0000715e14174dc0 nmethod 10746 0x0000715e08f2c308 code [0x0000715e08f2c420, 0x0000715e08f2c518]
Event: 48.273 Thread 0x0000715e14174dc0 10747       1       ch.qos.logback.classic.Logger::localLevelReset (30 bytes)
Event: 48.273 Thread 0x0000715e14174dc0 nmethod 10747 0x0000715e08f2c008 code [0x0000715e08f2c120, 0x0000715e08f2c2c8]
Event: 48.273 Thread 0x0000715e14174dc0 10748       1       ch.qos.logback.classic.Logger::isRootLogger (13 bytes)
Event: 48.273 Thread 0x0000715e14174dc0 nmethod 10748 0x0000715e08f2bd08 code [0x0000715e08f2be20, 0x0000715e08f2bef8]
Event: 48.273 Thread 0x0000715e14174dc0 10744  s    1       org.apache.catalina.util.LifecycleBase::setStateInternal (144 bytes)

GC Heap History (20 events):
Event: 9.948 GC heap before
{Heap before GC invocations=25 (full 0):
 garbage-first heap   total reserved 4075520K, committed 137216K, used 125106K [0x0000000707400000, 0x0000000800000000)
  region size 2048K, 37 young (75776K), 1 survivors (2048K)
 Metaspace       used 77255K, committed 78016K, reserved 1179648K
  class space    used 11574K, committed 11904K, reserved 1048576K
}
Event: 9.950 GC heap after
{Heap after GC invocations=26 (full 0):
 garbage-first heap   total reserved 4075520K, committed 137216K, used 53317K [0x0000000707400000, 0x0000000800000000)
  region size 2048K, 2 young (4096K), 2 survivors (4096K)
 Metaspace       used 77255K, committed 78016K, reserved 1179648K
  class space    used 11574K, committed 11904K, reserved 1048576K
}
Event: 10.091 GC heap before
{Heap before GC invocations=26 (full 0):
 garbage-first heap   total reserved 4075520K, committed 137216K, used 118853K [0x0000000707400000, 0x0000000800000000)
  region size 2048K, 34 young (69632K), 2 survivors (4096K)
 Metaspace       used 77302K, committed 78144K, reserved 1179648K
  class space    used 11592K, committed 11968K, reserved 1048576K
}
Event: 10.095 GC heap after
{Heap after GC invocations=27 (full 0):
 garbage-first heap   total reserved 4075520K, committed 137216K, used 56722K [0x0000000707400000, 0x0000000800000000)
  region size 2048K, 4 young (8192K), 4 survivors (8192K)
 Metaspace       used 77302K, committed 78144K, reserved 1179648K
  class space    used 11592K, committed 11968K, reserved 1048576K
}
Event: 10.240 GC heap before
{Heap before GC invocations=27 (full 0):
 garbage-first heap   total reserved 4075520K, committed 137216K, used 118162K [0x0000000707400000, 0x0000000800000000)
  region size 2048K, 34 young (69632K), 4 survivors (8192K)
 Metaspace       used 77303K, committed 78144K, reserved 1179648K
  class space    used 11592K, committed 11968K, reserved 1048576K
}
Event: 10.243 GC heap after
{Heap after GC invocations=28 (full 0):
 garbage-first heap   total reserved 4075520K, committed 137216K, used 54079K [0x0000000707400000, 0x0000000800000000)
  region size 2048K, 1 young (2048K), 1 survivors (2048K)
 Metaspace       used 77303K, committed 78144K, reserved 1179648K
  class space    used 11592K, committed 11968K, reserved 1048576K
}
Event: 10.402 GC heap before
{Heap before GC invocations=29 (full 0):
 garbage-first heap   total reserved 4075520K, committed 137216K, used 121663K [0x0000000707400000, 0x0000000800000000)
  region size 2048K, 34 young (69632K), 1 survivors (2048K)
 Metaspace       used 77305K, committed 78144K, reserved 1179648K
  class space    used 11592K, committed 11968K, reserved 1048576K
}
Event: 10.406 GC heap after
{Heap after GC invocations=30 (full 0):
 garbage-first heap   total reserved 4075520K, committed 137216K, used 58659K [0x0000000707400000, 0x0000000800000000)
  region size 2048K, 4 young (8192K), 4 survivors (8192K)
 Metaspace       used 77305K, committed 78144K, reserved 1179648K
  class space    used 11592K, committed 11968K, reserved 1048576K
}
Event: 10.540 GC heap before
{Heap before GC invocations=30 (full 0):
 garbage-first heap   total reserved 4075520K, committed 137216K, used 118051K [0x0000000707400000, 0x0000000800000000)
  region size 2048K, 33 young (67584K), 4 survivors (8192K)
 Metaspace       used 77306K, committed 78144K, reserved 1179648K
  class space    used 11592K, committed 11968K, reserved 1048576K
}
Event: 10.543 GC heap after
{Heap after GC invocations=31 (full 0):
 garbage-first heap   total reserved 4075520K, committed 137216K, used 55506K [0x0000000707400000, 0x0000000800000000)
  region size 2048K, 2 young (4096K), 2 survivors (4096K)
 Metaspace       used 77306K, committed 78144K, reserved 1179648K
  class space    used 11592K, committed 11968K, reserved 1048576K
}
Event: 10.765 GC heap before
{Heap before GC invocations=31 (full 0):
 garbage-first heap   total reserved 4075520K, committed 137216K, used 121042K [0x0000000707400000, 0x0000000800000000)
  region size 2048K, 34 young (69632K), 2 survivors (4096K)
 Metaspace       used 77730K, committed 78464K, reserved 1179648K
  class space    used 11648K, committed 11968K, reserved 1048576K
}
Event: 10.768 GC heap after
{Heap after GC invocations=32 (full 0):
 garbage-first heap   total reserved 4075520K, committed 165888K, used 58104K [0x0000000707400000, 0x0000000800000000)
  region size 2048K, 3 young (6144K), 3 survivors (6144K)
 Metaspace       used 77730K, committed 78464K, reserved 1179648K
  class space    used 11648K, committed 11968K, reserved 1048576K
}
Event: 11.375 GC heap before
{Heap before GC invocations=33 (full 0):
 garbage-first heap   total reserved 4075520K, committed 165888K, used 144120K [0x0000000707400000, 0x0000000800000000)
  region size 2048K, 45 young (92160K), 3 survivors (6144K)
 Metaspace       used 79276K, committed 80192K, reserved 1179648K
  class space    used 11889K, committed 12288K, reserved 1048576K
}
Event: 11.379 GC heap after
{Heap after GC invocations=34 (full 0):
 garbage-first heap   total reserved 4075520K, committed 165888K, used 59106K [0x0000000707400000, 0x0000000800000000)
  region size 2048K, 3 young (6144K), 3 survivors (6144K)
 Metaspace       used 79276K, committed 80192K, reserved 1179648K
  class space    used 11889K, committed 12288K, reserved 1048576K
}
Event: 12.169 GC heap before
{Heap before GC invocations=34 (full 0):
 garbage-first heap   total reserved 4075520K, committed 165888K, used 141026K [0x0000000707400000, 0x0000000800000000)
  region size 2048K, 43 young (88064K), 3 survivors (6144K)
 Metaspace       used 83955K, committed 84800K, reserved 1179648K
  class space    used 12753K, committed 13120K, reserved 1048576K
}
Event: 12.177 GC heap after
{Heap after GC invocations=35 (full 0):
 garbage-first heap   total reserved 4075520K, committed 165888K, used 62621K [0x0000000707400000, 0x0000000800000000)
  region size 2048K, 5 young (10240K), 5 survivors (10240K)
 Metaspace       used 83955K, committed 84800K, reserved 1179648K
  class space    used 12753K, committed 13120K, reserved 1048576K
}
Event: 12.896 GC heap before
{Heap before GC invocations=35 (full 0):
 garbage-first heap   total reserved 4075520K, committed 165888K, used 144541K [0x0000000707400000, 0x0000000800000000)
  region size 2048K, 45 young (92160K), 5 survivors (10240K)
 Metaspace       used 87152K, committed 88128K, reserved 1179648K
  class space    used 13266K, committed 13696K, reserved 1048576K
}
Event: 12.904 GC heap after
{Heap after GC invocations=36 (full 0):
 garbage-first heap   total reserved 4075520K, committed 165888K, used 67017K [0x0000000707400000, 0x0000000800000000)
  region size 2048K, 5 young (10240K), 5 survivors (10240K)
 Metaspace       used 87152K, committed 88128K, reserved 1179648K
  class space    used 13266K, committed 13696K, reserved 1048576K
}
Event: 24.623 GC heap before
{Heap before GC invocations=36 (full 0):
 garbage-first heap   total reserved 4075520K, committed 165888K, used 140745K [0x0000000707400000, 0x0000000800000000)
  region size 2048K, 42 young (86016K), 5 survivors (10240K)
 Metaspace       used 94488K, committed 95680K, reserved 1179648K
  class space    used 14397K, committed 14912K, reserved 1048576K
}
Event: 24.635 GC heap after
{Heap after GC invocations=37 (full 0):
 garbage-first heap   total reserved 4075520K, committed 165888K, used 69308K [0x0000000707400000, 0x0000000800000000)
  region size 2048K, 4 young (8192K), 4 survivors (8192K)
 Metaspace       used 94488K, committed 95680K, reserved 1179648K
  class space    used 14397K, committed 14912K, reserved 1048576K
}

Dll operation events (14 events):
Event: 0.003 Loaded shared library /usr/lib/jvm/jdk-23.0.1-oracle-x64/lib/libjava.so
Event: 0.068 Loaded shared library /usr/lib/jvm/jdk-23.0.1-oracle-x64/lib/libzip.so
Event: 0.070 Loaded shared library /usr/lib/jvm/jdk-23.0.1-oracle-x64/lib/libinstrument.so
Event: 0.072 Loaded shared library /usr/lib/jvm/jdk-23.0.1-oracle-x64/lib/libnio.so
Event: 0.074 Loaded shared library /usr/lib/jvm/jdk-23.0.1-oracle-x64/lib/libzip.so
Event: 0.169 Loaded shared library /usr/lib/jvm/jdk-23.0.1-oracle-x64/lib/libnet.so
Event: 0.172 Loaded shared library /usr/lib/jvm/jdk-23.0.1-oracle-x64/lib/libjimage.so
Event: 0.175 Loaded shared library /usr/lib/jvm/jdk-23.0.1-oracle-x64/lib/libextnet.so
Event: 0.186 Loaded shared library /usr/lib/jvm/jdk-23.0.1-oracle-x64/lib/libmanagement.so
Event: 0.195 Loaded shared library /usr/lib/jvm/jdk-23.0.1-oracle-x64/lib/libmanagement_ext.so
Event: 7.533 Loaded shared library /usr/lib/jvm/jdk-23.0.1-oracle-x64/lib/libverify.so
Event: 11.423 Loaded shared library /home/dev/.cache/JNA/temp/jna17426109320307864258.tmp
Event: 24.605 Loaded shared library /usr/lib/jvm/jdk-23.0.1-oracle-x64/lib/libawt.so
Event: 24.606 Loaded shared library /usr/lib/jvm/jdk-23.0.1-oracle-x64/lib/libawt_headless.so

Deoptimization events (20 events):
Event: 13.145 Thread 0x0000715d080024e0 DEOPT PACKING pc=0x0000715e09224356 sp=0x0000715dfa7f9040
Event: 13.145 Thread 0x0000715d080024e0 DEOPT UNPACKING pc=0x0000715e0885430f sp=0x0000715dfa7f8538 mode 3
Event: 13.760 Thread 0x0000715d3c002360 DEOPT PACKING pc=0x0000715e0963617c sp=0x0000715e001731c0
Event: 13.760 Thread 0x0000715d3c002360 DEOPT UNPACKING pc=0x0000715e0885430f sp=0x0000715e001726b8 mode 0
Event: 13.807 Thread 0x0000715d3c005380 DEOPT PACKING pc=0x0000715e09640b5c sp=0x0000715de3ffd090
Event: 13.807 Thread 0x0000715d3c005380 DEOPT UNPACKING pc=0x0000715e0885430f sp=0x0000715de3ffc5c8 mode 0
Event: 13.807 Thread 0x0000715d3c005380 DEOPT PACKING pc=0x0000715e096448cc sp=0x0000715de3ffd180
Event: 13.807 Thread 0x0000715d3c005380 DEOPT UNPACKING pc=0x0000715e0885430f sp=0x0000715de3ffc670 mode 0
Event: 13.812 Thread 0x0000715d3c005380 DEOPT PACKING pc=0x0000715e09640b5c sp=0x0000715de3ffd4f0
Event: 13.812 Thread 0x0000715d3c005380 DEOPT UNPACKING pc=0x0000715e0885430f sp=0x0000715de3ffca28 mode 0
Event: 13.812 Thread 0x0000715d3c005380 DEOPT PACKING pc=0x0000715e096448cc sp=0x0000715de3ffd5e0
Event: 13.812 Thread 0x0000715d3c005380 DEOPT UNPACKING pc=0x0000715e0885430f sp=0x0000715de3ffcad0 mode 0
Event: 18.575 Thread 0x0000715d3c003530 DEOPT PACKING pc=0x0000715e092cba1c sp=0x0000715dfa7f9170
Event: 18.575 Thread 0x0000715d3c003530 DEOPT UNPACKING pc=0x0000715e0885430f sp=0x0000715dfa7f8628 mode 0
Event: 30.460 Thread 0x0000715d3c005380 DEOPT PACKING pc=0x0000715e092cba1c sp=0x0000715de3ffe170
Event: 30.460 Thread 0x0000715d3c005380 DEOPT UNPACKING pc=0x0000715e0885430f sp=0x0000715de3ffd628 mode 0
Event: 30.460 Thread 0x0000715d3c004110 DEOPT PACKING pc=0x0000715e092cba1c sp=0x0000715dec0fe170
Event: 30.460 Thread 0x0000715d3c002360 DEOPT PACKING pc=0x0000715e092cba1c sp=0x0000715e00175120
Event: 30.460 Thread 0x0000715d3c004110 DEOPT UNPACKING pc=0x0000715e0885430f sp=0x0000715dec0fd628 mode 0
Event: 30.460 Thread 0x0000715d3c002360 DEOPT UNPACKING pc=0x0000715e0885430f sp=0x0000715e001745d8 mode 0

Classes loaded (20 events):
Event: 24.618 Loading class javax/imageio/ImageTranscoder done
Event: 24.618 Loading class javax/imageio/ImageWriter done
Event: 24.618 Loading class javax/imageio/ImageTypeSpecifier
Event: 24.618 Loading class javax/imageio/ImageTypeSpecifier done
Event: 24.618 Loading class javax/imageio/IIOException
Event: 24.618 Loading class javax/imageio/IIOException done
Event: 48.230 Loading class jdk/internal/misc/Signal$1
Event: 48.230 Loading class jdk/internal/misc/Signal$1 done
Event: 48.237 Loading class java/util/concurrent/locks/AbstractQueuedSynchronizer$SharedNode
Event: 48.238 Loading class java/util/concurrent/locks/AbstractQueuedSynchronizer$SharedNode done
Event: 48.245 Loading class javax/management/NotificationBroadcasterSupport$WildcardListenerInfo
Event: 48.245 Loading class javax/management/NotificationBroadcasterSupport$WildcardListenerInfo done
Event: 48.256 Loading class java/util/AbstractMap$2
Event: 48.256 Loading class java/util/AbstractMap$2 done
Event: 48.257 Loading class java/util/AbstractMap$ValueIterator
Event: 48.257 Loading class java/util/AbstractMap$ValueIterator done
Event: 48.268 Loading class java/io/ObjectOutputStream$PutFieldImpl
Event: 48.268 Loading class java/io/ObjectOutputStream$PutField
Event: 48.268 Loading class java/io/ObjectOutputStream$PutField done
Event: 48.268 Loading class java/io/ObjectOutputStream$PutFieldImpl done

Classes unloaded (0 events):
No events

Classes redefined (0 events):
No events

Internal exceptions (20 events):
Event: 44.723 Thread 0x0000715d3c003530 Exception <a 'sun/nio/fs/UnixException'{0x00000007156dc468}> (0x00000007156dc468) 
thrown [open/src/hotspot/share/prims/jni.cpp, line 520]
Event: 44.723 Thread 0x0000715d3c003530 Exception <a 'sun/nio/fs/UnixException'{0x00000007156dd330}> (0x00000007156dd330) 
thrown [open/src/hotspot/share/prims/jni.cpp, line 520]
Event: 45.725 Thread 0x0000715d3c003530 Exception <a 'sun/nio/fs/UnixException'{0x00000007156e41e0}> (0x00000007156e41e0) 
thrown [open/src/hotspot/share/prims/jni.cpp, line 520]
Event: 45.725 Thread 0x0000715d3c003530 Exception <a 'sun/nio/fs/UnixException'{0x00000007156e5098}> (0x00000007156e5098) 
thrown [open/src/hotspot/share/prims/jni.cpp, line 520]
Event: 45.725 Thread 0x0000715d3c003530 Exception <a 'sun/nio/fs/UnixException'{0x00000007156e5f58}> (0x00000007156e5f58) 
thrown [open/src/hotspot/share/prims/jni.cpp, line 520]
Event: 45.725 Thread 0x0000715d3c003530 Exception <a 'sun/nio/fs/UnixException'{0x00000007156e6e20}> (0x00000007156e6e20) 
thrown [open/src/hotspot/share/prims/jni.cpp, line 520]
Event: 45.726 Thread 0x0000715d3c003530 Exception <a 'sun/nio/fs/UnixException'{0x00000007156e7ce8}> (0x00000007156e7ce8) 
thrown [open/src/hotspot/share/prims/jni.cpp, line 520]
Event: 46.731 Thread 0x0000715d3c003530 Exception <a 'sun/nio/fs/UnixException'{0x0000000715798458}> (0x0000000715798458) 
thrown [open/src/hotspot/share/prims/jni.cpp, line 520]
Event: 46.732 Thread 0x0000715d3c003530 Exception <a 'sun/nio/fs/UnixException'{0x0000000715799310}> (0x0000000715799310) 
thrown [open/src/hotspot/share/prims/jni.cpp, line 520]
Event: 46.732 Thread 0x0000715d3c003530 Exception <a 'sun/nio/fs/UnixException'{0x000000071579a1d0}> (0x000000071579a1d0) 
thrown [open/src/hotspot/share/prims/jni.cpp, line 520]
Event: 46.732 Thread 0x0000715d3c003530 Exception <a 'sun/nio/fs/UnixException'{0x000000071579b098}> (0x000000071579b098) 
thrown [open/src/hotspot/share/prims/jni.cpp, line 520]
Event: 46.732 Thread 0x0000715d3c003530 Exception <a 'sun/nio/fs/UnixException'{0x000000071579bf60}> (0x000000071579bf60) 
thrown [open/src/hotspot/share/prims/jni.cpp, line 520]
Event: 47.738 Thread 0x0000715d3c003530 Exception <a 'sun/nio/fs/UnixException'{0x00000007157a2dc0}> (0x00000007157a2dc0) 
thrown [open/src/hotspot/share/prims/jni.cpp, line 520]
Event: 47.739 Thread 0x0000715d3c003530 Exception <a 'sun/nio/fs/UnixException'{0x00000007157a3c78}> (0x00000007157a3c78) 
thrown [open/src/hotspot/share/prims/jni.cpp, line 520]
Event: 47.739 Thread 0x0000715d3c003530 Exception <a 'sun/nio/fs/UnixException'{0x00000007157a4b38}> (0x00000007157a4b38) 
thrown [open/src/hotspot/share/prims/jni.cpp, line 520]
Event: 47.739 Thread 0x0000715d3c003530 Exception <a 'sun/nio/fs/UnixException'{0x00000007157a5a00}> (0x00000007157a5a00) 
thrown [open/src/hotspot/share/prims/jni.cpp, line 520]
Event: 47.739 Thread 0x0000715d3c003530 Exception <a 'sun/nio/fs/UnixException'{0x00000007157a68c8}> (0x00000007157a68c8) 
thrown [open/src/hotspot/share/prims/jni.cpp, line 520]
Event: 48.243 Thread 0x0000715d02c52d80 Exception <a 'java/lang/InterruptedException'{0x000000071545da20}: sleep interrupted> (0x000000071545da20) 
thrown [open/src/hotspot/share/prims/jvm.cpp, line 3093]
Event: 48.268 Thread 0x0000715d5c0780d0 Exception <a 'java/lang/NoSuchMethodError'{0x00000007108753a0}: static [Ljava/lang/String;.<clinit>()V> (0x00000007108753a0) 
thrown [open/src/hotspot/share/prims/jni.cpp, line 1111]
Event: 48.272 Thread 0x0000715d011a40a0 Exception <a 'java/lang/InterruptedException'{0x0000000710890360}: sleep interrupted> (0x0000000710890360) 
thrown [open/src/hotspot/share/prims/jvm.cpp, line 3093]

VM Operations (20 events):
Event: 18.162 Executing VM operation: HandshakeAllThreads (Deoptimize) done
Event: 18.168 Executing VM operation: HandshakeAllThreads (Deoptimize)
Event: 18.168 Executing VM operation: HandshakeAllThreads (Deoptimize) done
Event: 18.278 Executing VM operation: HandshakeAllThreads (Deoptimize)
Event: 18.278 Executing VM operation: HandshakeAllThreads (Deoptimize) done
Event: 18.286 Executing VM operation: HandshakeAllThreads (Deoptimize)
Event: 18.286 Executing VM operation: HandshakeAllThreads (Deoptimize) done
Event: 18.318 Executing VM operation: HandshakeAllThreads (Deoptimize)
Event: 18.318 Executing VM operation: HandshakeAllThreads (Deoptimize) done
Event: 18.325 Executing VM operation: HandshakeAllThreads (Deoptimize)
Event: 18.325 Executing VM operation: HandshakeAllThreads (Deoptimize) done
Event: 18.352 Executing VM operation: HandshakeAllThreads (Deoptimize)
Event: 18.352 Executing VM operation: HandshakeAllThreads (Deoptimize) done
Event: 18.385 Executing VM operation: HandshakeAllThreads (Deoptimize)
Event: 18.385 Executing VM operation: HandshakeAllThreads (Deoptimize) done
Event: 18.460 Executing VM operation: HandshakeAllThreads (Deoptimize)
Event: 18.460 Executing VM operation: HandshakeAllThreads (Deoptimize) done
Event: 24.623 Executing VM operation: G1CollectForAllocation (G1 Evacuation Pause)
Event: 24.635 Executing VM operation: G1CollectForAllocation (G1 Evacuation Pause) done
Event: 48.274 Executing VM operation: Exit

Memory protections (20 events):
Event: 13.732 Protecting memory [0x0000715dec100000,0x0000715dec104000] with protection modes 0
Event: 13.739 Protecting memory [0x0000715dec100000,0x0000715dec104000] with protection modes 0
Event: 13.741 Protecting memory [0x0000715dfa7fb000,0x0000715dfa7ff000] with protection modes 0
Event: 13.781 Protecting memory [0x0000715dfa7fb000,0x0000715dfa7ff000] with protection modes 0
Event: 13.781 Protecting memory [0x0000715dec100000,0x0000715dec104000] with protection modes 0
Event: 13.781 Protecting memory [0x0000715dec000000,0x0000715dec004000] with protection modes 0
Event: 13.781 Protecting memory [0x0000715de3f00000,0x0000715de3f04000] with protection modes 0
Event: 13.782 Protecting memory [0x0000715de3500000,0x0000715de3504000] with protection modes 0
Event: 13.782 Protecting memory [0x0000715de3100000,0x0000715de3104000] with protection modes 0
Event: 13.787 Protecting memory [0x0000715de3500000,0x0000715de3504000] with protection modes 0
Event: 13.787 Protecting memory [0x0000715de3100000,0x0000715de3104000] with protection modes 0
Event: 13.787 Protecting memory [0x0000715dfa7fb000,0x0000715dfa7ff000] with protection modes 0
Event: 13.787 Protecting memory [0x0000715dec100000,0x0000715dec104000] with protection modes 0
Event: 18.232 Protecting memory [0x0000715e00777000,0x0000715e0077b000] with protection modes 0
Event: 24.535 Protecting memory [0x0000715e00777000,0x0000715e0077b000] with protection modes 0
Event: 48.230 Protecting memory [0x0000715e00777000,0x0000715e0077b000] with protection modes 0
Event: 48.231 Protecting memory [0x0000715dfa5fb000,0x0000715dfa5ff000] with protection modes 0
Event: 48.231 Protecting memory [0x0000715e00677000,0x0000715e0067b000] with protection modes 0
Event: 48.237 Protecting memory [0x0000715df99f8000,0x0000715df99fc000] with protection modes 0
Event: 48.260 Protecting memory [0x0000715df9cf8000,0x0000715df9cfc000] with protection modes 0

Nmethod flushes (20 events):
Event: 9.392 Thread 0x0000715e14164460 flushing  nmethod 0x0000715e08df6188
Event: 9.392 Thread 0x0000715e14164460 flushing  nmethod 0x0000715e08e11b08
Event: 9.392 Thread 0x0000715e14164460 flushing  nmethod 0x0000715e08e11e08
Event: 9.392 Thread 0x0000715e14164460 flushing  nmethod 0x0000715e0933cc08
Event: 9.392 Thread 0x0000715e14164460 flushing  nmethod 0x0000715e0933d288
Event: 9.780 Thread 0x0000715e14164460 flushing  nmethod 0x0000715e0914a788
Event: 9.780 Thread 0x0000715e14164460 flushing  nmethod 0x0000715e0914b108
Event: 9.780 Thread 0x0000715e14164460 flushing  nmethod 0x0000715e0934d188
Event: 9.780 Thread 0x0000715e14164460 flushing  nmethod 0x0000715e09471688
Event: 9.780 Thread 0x0000715e14164460 flushing  nmethod 0x0000715e09452508
Event: 9.780 Thread 0x0000715e14164460 flushing  nmethod 0x0000715e09028108
Event: 9.780 Thread 0x0000715e14164460 flushing  nmethod 0x0000715e0945b688
Event: 9.780 Thread 0x0000715e14164460 flushing  nmethod 0x0000715e09181e08
Event: 9.780 Thread 0x0000715e14164460 flushing  nmethod 0x0000715e09464c08